PRT
BBE32C0F2208BFD2
AC15786E9053AD34
{
[
m_Root
E98E268F2008D746
23F3E583A8F35852
{
[
m_NodeKey
E022261154957848
]
[
m_Class
231158F1834B35BB
]
[
m_Name
Node
]
[
m_pTemplate
231158F1834B35BB
47ED1635DECC5852
{
[
m_Name

]
[
m_nNodeFlags
0
]
[
m_Children
0
]
[
m_Position
000000000000000000000000
]
[
m_Frame
0000803F0000000000000000000000000000803F0000000000000000000000000000803F
]
}
]
[
m_Children
1
D653FB23498C096B
0540261154957848
{
[
m_NodeKey
EA4A261154957848
]
[
m_Class
4DC7CCAF06431513
]
[
m_Name
Node
]
[
m_pTemplate
4DC7CCAF06431513
75721835DECC5852
{
[
m_Name

]
[
m_nNodeFlags
0
]
[
m_Children
0
]
[
m_Position
000000000000000000000000
]
[
m_Frame
0000803F0000000000000000000000000000803F0000000000000000000000000000803F
]
[
m_vOrientation
0
0
0
]
[
m_Flags
0
]
[
m_Tick
0
]
[
m_NounContext
0000000000000000
]
[
m_Traits
3
407D5D0F92E49EA5
{
}
DD2D5A9AF73452D9
0
4F7B2D2FC7265684
{
}
]
[
m_nTeamId
0
]
[
m_nUserId
0
]
[
m_DetectionFlags
4294967295
]
[
m_nCredits
0
]
[
m_Rank
0
]
[
m_Damage
0
]
[
m_Energy
100
]
[
m_fVelocity
0.000000
]
[
m_fSetVelocity
0.000000
]
[
m_RepairQueue
0
]
[
m_Order
00000000
]
[
m_OrderTarget
0
0000000000000000
]
[
m_pOrderFrom
0000000000000000
]
[
m_nOrderTime
0
]
[
m_Command
00000000
]
[
m_CommandTarget
0
0000000000000000
]
[
m_pHome
0000000000000000
]
[
m_bOutOfCombat
0
]
[
m_nAllyTime
0
]
}
]
[
m_Children
70
B2B7329B7F92DA85
3F6C261154957848
{
[
m_NodeKey
0575261154957848
]
[
m_Class
94361E336B7CE971
]
[
m_Name
Singularity Jump Drive
]
[
m_pTemplate
94361E336B7CE971
D2BFB5B4FFFFFFFF
{
[
m_Name

]
[
m_nNodeFlags
0
]
[
m_Children
0
]
[
m_Position
000000000000000000000000
]
[
m_Frame
0000803F0000000000000000000000000000803F0000000000000000000000000000803F
]
[
m_vOrientation
0
0
0
]
[
m_Flags
65536
]
[
m_Tick
0
]
[
m_NounContext
0000000000000000
]
[
m_Traits
1
4F7B2D2FC7265684
{
}
]
[
m_nTeamId
0
]
[
m_nUserId
0
]
[
m_DetectionFlags
4294967295
]
[
m_nDamage
0
]
[
m_nGroup
0
]
[
m_Energy
0
]
[
m_Fuel
0
]
[
m_JumpTime
0
]
[
m_JumpVelocity
000000000000000000000000
]
[
m_JumpTarget
0
0000000000000000
]
}
]
[
m_Children
0
]
[
m_Position
000000000000000000000000
]
[
m_Frame
0000803F0000000000000000000000000000803F0000000000000000000000000000803F
]
[
m_fFrameScale
1.000000
]
[
m_NounContext
gadgets\\singularity jump drive.PRT
]
[
m_nDamage
0
]
[
m_bMountFore
1
]
[
m_bMountRight
1
]
[
m_bMountLeft
1
]
[
m_bMountAft
1
]
}
B2B7329B7F92DA85
8BA6261154957848
{
[
m_NodeKey
DAB1261154957848
]
[
m_Class
3C05328AD228C70D
]
[
m_Name
Wormhole Drive
]
[
m_pTemplate
3C05328AD228C70D
18E6D28FA1C55852
{
[
m_Name

]
[
m_nNodeFlags
0
]
[
m_Children
0
]
[
m_Position
000000000000000000000000
]
[
m_Frame
0000803F0000000000000000000000000000803F0000000000000000000000000000803F
]
[
m_vOrientation
0
0
0
]
[
m_Flags
65536
]
[
m_Tick
0
]
[
m_NounContext
0000000000000000
]
[
m_Traits
1
4F7B2D2FC7265684
{
}
]
[
m_nTeamId
0
]
[
m_nUserId
0
]
[
m_DetectionFlags
4294967295
]
[
m_nDamage
0
]
[
m_nGroup
0
]
[
m_nEnergy
0
]
}
]
[
m_Children
0
]
[
m_Position
000000000000000000000000
]
[
m_Frame
0000803F0000000000000000000000000000803F0000000000000000000000000000803F
]
[
m_fFrameScale
1.000000
]
[
m_NounContext
gadgets\\worm hole device ii.prt
]
[
m_nDamage
0
]
[
m_bMountFore
1
]
[
m_bMountRight
1
]
[
m_bMountLeft
1
]
[
m_bMountAft
1
]
}
B2B7329B7F92DA85
C9DD261154957848
{
[
m_NodeKey
F7EB261154957848
]
[
m_Class
FD94A20EEABA5E7A
]
[
m_Name
Capital Singularity Drive
]
[
m_pTemplate
FD94A20EEABA5E7A
A09C2ED8D6FD5852
{
[
m_Name

]
[
m_nNodeFlags
0
]
[
m_Children
0
]
[
m_Position
000000000000000000000000
]
[
m_Frame
0000803F0000000000000000000000000000803F0000000000000000000000000000803F
]
[
m_vOrientation
0
0
0
]
[
m_Flags
65537
]
[
m_Tick
0
]
[
m_NounContext
0000000000000000
]
[
m_Traits
1
4F7B2D2FC7265684
{
}
]
[
m_nTeamId
0
]
[
m_nUserId
0
]
[
m_DetectionFlags
4294967295
]
[
m_nDamage
0
]
[
m_nGroup
0
]
}
]
[
m_Children
0
]
[
m_Position
000000000000000000002041
]
[
m_Frame
0000803F0000000000000000000000000000803F0000000000000000000000000000803F
]
[
m_fFrameScale
1.000000
]
[
m_NounContext
gadgets\\drive - hvse.prt
]
[
m_nDamage
0
]
[
m_bMountFore
1
]
[
m_bMountRight
1
]
[
m_bMountLeft
1
]
[
m_bMountAft
1
]
}
B2B7329B7F92DA85
D182271154957848
{
[
m_NodeKey
B793271154957848
]
[
m_Class
FD94A20EEABA5E7A
]
[
m_Name
Capital Singularity Drive
]
[
m_pTemplate
FD94A20EEABA5E7A
674FF5D6FAFD5852
{
[
m_Name

]
[
m_nNodeFlags
0
]
[
m_Children
0
]
[
m_Position
000000000000000000000000
]
[
m_Frame
0000803F0000000000000000000000000000803F0000000000000000000000000000803F
]
[
m_vOrientation
0
0
0
]
[
m_Flags
65537
]
[
m_Tick
0
]
[
m_NounContext
0000000000000000
]
[
m_Traits
1
4F7B2D2FC7265684
{
}
]
[
m_nTeamId
0
]
[
m_nUserId
0
]
[
m_DetectionFlags
4294967295
]
[
m_nDamage
0
]
[
m_nGroup
0
]
}
]
[
m_Children
0
]
[
m_Position
000020C10000000000000000
]
[
m_Frame
0000803F0000000000000000000000000000803F0000000000000000000000000000803F
]
[
m_fFrameScale
1.000000
]
[
m_NounContext
gadgets\\drive - hvse.prt
]
[
m_nDamage
0
]
[
m_bMountFore
1
]
[
m_bMountRight
1
]
[
m_bMountLeft
1
]
[
m_bMountAft
1
]
}
B2B7329B7F92DA85
548E2C1154957848
{
[
m_NodeKey
FA962C1154957848
]
[
m_Class
FD94A20EEABA5E7A
]
[
m_Name
Capital Singularity Drive
]
[
m_pTemplate
FD94A20EEABA5E7A
C03ADF7109FD5852
{
[
m_Name

]
[
m_nNodeFlags
0
]
[
m_Children
0
]
[
m_Position
000000000000000000000000
]
[
m_Frame
0000803F0000000000000000000000000000803F0000000000000000000000000000803F
]
[
m_vOrientation
0
0
0
]
[
m_Flags
65537
]
[
m_Tick
0
]
[
m_NounContext
0000000000000000
]
[
m_Traits
1
4F7B2D2FC7265684
{
}
]
[
m_nTeamId
0
]
[
m_nUserId
0
]
[
m_DetectionFlags
4294967295
]
[
m_nDamage
0
]
[
m_nGroup
0
]
}
]
[
m_Children
0
]
[
m_Position
000020410000000000000000
]
[
m_Frame
0000803F0000000000000000000000000000803F0000000000000000000000000000803F
]
[
m_fFrameScale
1.000000
]
[
m_NounContext
gadgets\\drive - hvse.prt
]
[
m_nDamage
0
]
[
m_bMountFore
1
]
[
m_bMountRight
1
]
[
m_bMountLeft
1
]
[
m_bMountAft
1
]
}
B2B7329B7F92DA85
E3BD2C1154957848
{
[
m_NodeKey
43C92C1154957848
]
[
m_Class
FD94A20EEABA5E7A
]
[
m_Name
Capital Singularity Drive
]
[
m_pTemplate
FD94A20EEABA5E7A
C37735E025FD5852
{
[
m_Name

]
[
m_nNodeFlags
0
]
[
m_Children
0
]
[
m_Position
000000000000000000000000
]
[
m_Frame
0000803F0000000000000000000000000000803F0000000000000000000000000000803F
]
[
m_vOrientation
0
0
0
]
[
m_Flags
65537
]
[
m_Tick
0
]
[
m_NounContext
0000000000000000
]
[
m_Traits
1
4F7B2D2FC7265684
{
}
]
[
m_nTeamId
0
]
[
m_nUserId
0
]
[
m_DetectionFlags
4294967295
]
[
m_nDamage
0
]
[
m_nGroup
0
]
}
]
[
m_Children
0
]
[
m_Position
0000000000000000000020C1
]
[
m_Frame
0000803F0000000000000000000000000000803F0000000000000000000000000000803F
]
[
m_fFrameScale
1.000000
]
[
m_NounContext
gadgets\\drive - hvse.prt
]
[
m_nDamage
0
]
[
m_bMountFore
1
]
[
m_bMountRight
1
]
[
m_bMountLeft
1
]
[
m_bMountAft
1
]
}
B2B7329B7F92DA85
D3BFB5B4FFFFFFFF
{
[
m_NodeKey
8EBFB5B4FFFFFFFF
]
[
m_Class
D1F3B6358873B1AF
]
[
m_Name
Molecular Armor F
]
[
m_pTemplate
D1F3B6358873B1AF
D4BFB5B4FFFFFFFF
{
[
m_Name

]
[
m_nNodeFlags
0
]
[
m_Children
0
]
[
m_Position
000000000000000000000000
]
[
m_Frame
0000803F0000000000000000000000000000803F0000000000000000000000000000803F
]
[
m_vOrientation
0
0
0
]
[
m_Flags
65536
]
[
m_Tick
0
]
[
m_NounContext
0000000000000000
]
[
m_Traits
1
4F7B2D2FC7265684
{
}
]
[
m_nTeamId
0
]
[
m_nUserId
0
]
[
m_DetectionFlags
4294967295
]
[
m_nDamage
0
]
[
m_nGroup
0
]
[
m_Armor
0
]
}
]
[
m_Children
0
]
[
m_Position
000000000000000000007041
]
[
m_Frame
0000803F0000000000000000000000000000803F0000000000000000000000000000803F
]
[
m_fFrameScale
1.000000
]
[
m_NounContext
gadgets\\armormolecular.prt
]
[
m_nDamage
0
]
[
m_bMountFore
1
]
[
m_bMountRight
0
]
[
m_bMountLeft
0
]
[
m_bMountAft
0
]
}
B2B7329B7F92DA85
D5BFB5B4FFFFFFFF
{
[
m_NodeKey
8FBFB5B4FFFFFFFF
]
[
m_Class
D1F3B6358873B1AF
]
[
m_Name
Molecular Armor F
]
[
m_pTemplate
D1F3B6358873B1AF
D6BFB5B4FFFFFFFF
{
[
m_Name

]
[
m_nNodeFlags
0
]
[
m_Children
0
]
[
m_Position
000000000000000000000000
]
[
m_Frame
0000803F0000000000000000000000000000803F0000000000000000000000000000803F
]
[
m_vOrientation
0
0
0
]
[
m_Flags
65536
]
[
m_Tick
0
]
[
m_NounContext
0000000000000000
]
[
m_Traits
1
4F7B2D2FC7265684
{
}
]
[
m_nTeamId
0
]
[
m_nUserId
0
]
[
m_DetectionFlags
4294967295
]
[
m_nDamage
0
]
[
m_nGroup
0
]
[
m_Armor
0
]
}
]
[
m_Children
0
]
[
m_Position
000000000000000000007041
]
[
m_Frame
0000803F0000000000000000000000000000803F0000000000000000000000000000803F
]
[
m_fFrameScale
1.000000
]
[
m_NounContext
gadgets\\armormolecular.prt
]
[
m_nDamage
0
]
[
m_bMountFore
1
]
[
m_bMountRight
0
]
[
m_bMountLeft
0
]
[
m_bMountAft
0
]
}
B2B7329B7F92DA85
D7BFB5B4FFFFFFFF
{
[
m_NodeKey
90BFB5B4FFFFFFFF
]
[
m_Class
D1F3B6358873B1AF
]
[
m_Name
Molecular Armor P
]
[
m_pTemplate
D1F3B6358873B1AF
D8BFB5B4FFFFFFFF
{
[
m_Name

]
[
m_nNodeFlags
0
]
[
m_Children
0
]
[
m_Position
000000000000000000000000
]
[
m_Frame
0000803F0000000000000000000000000000803F0000000000000000000000000000803F
]
[
m_vOrientation
0
0
0
]
[
m_Flags
65536
]
[
m_Tick
0
]
[
m_NounContext
0000000000000000
]
[
m_Traits
1
4F7B2D2FC7265684
{
}
]
[
m_nTeamId
0
]
[
m_nUserId
0
]
[
m_DetectionFlags
4294967295
]
[
m_nDamage
0
]
[
m_nGroup
0
]
[
m_Armor
0
]
}
]
[
m_Children
0
]
[
m_Position
000070C10000000000000000
]
[
m_Frame
0000803F0000000000000000000000000000803F0000000000000000000000000000803F
]
[
m_fFrameScale
1.000000
]
[
m_NounContext
gadgets\\armormolecular.prt
]
[
m_nDamage
0
]
[
m_bMountFore
0
]
[
m_bMountRight
0
]
[
m_bMountLeft
1
]
[
m_bMountAft
0
]
}
B2B7329B7F92DA85
D9BFB5B4FFFFFFFF
{
[
m_NodeKey
91BFB5B4FFFFFFFF
]
[
m_Class
D1F3B6358873B1AF
]
[
m_Name
Molecular Armor P
]
[
m_pTemplate
D1F3B6358873B1AF
DABFB5B4FFFFFFFF
{
[
m_Name

]
[
m_nNodeFlags
0
]
[
m_Children
0
]
[
m_Position
000000000000000000000000
]
[
m_Frame
0000803F0000000000000000000000000000803F0000000000000000000000000000803F
]
[
m_vOrientation
0
0
0
]
[
m_Flags
65536
]
[
m_Tick
0
]
[
m_NounContext
0000000000000000
]
[
m_Traits
1
4F7B2D2FC7265684
{
}
]
[
m_nTeamId
0
]
[
m_nUserId
0
]
[
m_DetectionFlags
4294967295
]
[
m_nDamage
0
]
[
m_nGroup
0
]
[
m_Armor
0
]
}
]
[
m_Children
0
]
[
m_Position
000070C10000000000000000
]
[
m_Frame
0000803F0000000000000000000000000000803F0000000000000000000000000000803F
]
[
m_fFrameScale
1.000000
]
[
m_NounContext
gadgets\\armormolecular.prt
]
[
m_nDamage
0
]
[
m_bMountFore
0
]
[
m_bMountRight
0
]
[
m_bMountLeft
1
]
[
m_bMountAft
0
]
}
B2B7329B7F92DA85
DBBFB5B4FFFFFFFF
{
[
m_NodeKey
92BFB5B4FFFFFFFF
]
[
m_Class
D1F3B6358873B1AF
]
[
m_Name
Molecular Armor S
]
[
m_pTemplate
D1F3B6358873B1AF
DCBFB5B4FFFFFFFF
{
[
m_Name

]
[
m_nNodeFlags
0
]
[
m_Children
0
]
[
m_Position
000000000000000000000000
]
[
m_Frame
0000803F0000000000000000000000000000803F0000000000000000000000000000803F
]
[
m_vOrientation
0
0
0
]
[
m_Flags
65536
]
[
m_Tick
0
]
[
m_NounContext
0000000000000000
]
[
m_Traits
1
4F7B2D2FC7265684
{
}
]
[
m_nTeamId
0
]
[
m_nUserId
0
]
[
m_DetectionFlags
4294967295
]
[
m_nDamage
0
]
[
m_nGroup
0
]
[
m_Armor
0
]
}
]
[
m_Children
0
]
[
m_Position
000070410000000000000000
]
[
m_Frame
0000803F0000000000000000000000000000803F0000000000000000000000000000803F
]
[
m_fFrameScale
1.000000
]
[
m_NounContext
gadgets\\armormolecular.prt
]
[
m_nDamage
0
]
[
m_bMountFore
0
]
[
m_bMountRight
1
]
[
m_bMountLeft
0
]
[
m_bMountAft
0
]
}
B2B7329B7F92DA85
DDBFB5B4FFFFFFFF
{
[
m_NodeKey
93BFB5B4FFFFFFFF
]
[
m_Class
D1F3B6358873B1AF
]
[
m_Name
Molecular Armor S
]
[
m_pTemplate
D1F3B6358873B1AF
DEBFB5B4FFFFFFFF
{
[
m_Name

]
[
m_nNodeFlags
0
]
[
m_Children
0
]
[
m_Position
000000000000000000000000
]
[
m_Frame
0000803F0000000000000000000000000000803F0000000000000000000000000000803F
]
[
m_vOrientation
0
0
0
]
[
m_Flags
65536
]
[
m_Tick
0
]
[
m_NounContext
0000000000000000
]
[
m_Traits
1
4F7B2D2FC7265684
{
}
]
[
m_nTeamId
0
]
[
m_nUserId
0
]
[
m_DetectionFlags
4294967295
]
[
m_nDamage
0
]
[
m_nGroup
0
]
[
m_Armor
0
]
}
]
[
m_Children
0
]
[
m_Position
000070410000000000000000
]
[
m_Frame
0000803F0000000000000000000000000000803F0000000000000000000000000000803F
]
[
m_fFrameScale
1.000000
]
[
m_NounContext
gadgets\\armormolecular.prt
]
[
m_nDamage
0
]
[
m_bMountFore
0
]
[
m_bMountRight
1
]
[
m_bMountLeft
0
]
[
m_bMountAft
0
]
}
B2B7329B7F92DA85
DFBFB5B4FFFFFFFF
{
[
m_NodeKey
94BFB5B4FFFFFFFF
]
[
m_Class
D1F3B6358873B1AF
]
[
m_Name
Molecular Armor A
]
[
m_pTemplate
D1F3B6358873B1AF
E0BFB5B4FFFFFFFF
{
[
m_Name

]
[
m_nNodeFlags
0
]
[
m_Children
0
]
[
m_Position
000000000000000000000000
]
[
m_Frame
0000803F0000000000000000000000000000803F0000000000000000000000000000803F
]
[
m_vOrientation
0
0
0
]
[
m_Flags
65536
]
[
m_Tick
0
]
[
m_NounContext
0000000000000000
]
[
m_Traits
1
4F7B2D2FC7265684
{
}
]
[
m_nTeamId
0
]
[
m_nUserId
0
]
[
m_DetectionFlags
4294967295
]
[
m_nDamage
0
]
[
m_nGroup
0
]
[
m_Armor
0
]
}
]
[
m_Children
0
]
[
m_Position
0000000000000000000070C1
]
[
m_Frame
0000803F0000000000000000000000000000803F0000000000000000000000000000803F
]
[
m_fFrameScale
1.000000
]
[
m_NounContext
gadgets\\armormolecular.prt
]
[
m_nDamage
0
]
[
m_bMountFore
0
]
[
m_bMountRight
0
]
[
m_bMountLeft
0
]
[
m_bMountAft
1
]
}
B2B7329B7F92DA85
E1BFB5B4FFFFFFFF
{
[
m_NodeKey
95BFB5B4FFFFFFFF
]
[
m_Class
D1F3B6358873B1AF
]
[
m_Name
Molecular Armor A
]
[
m_pTemplate
D1F3B6358873B1AF
E2BFB5B4FFFFFFFF
{
[
m_Name

]
[
m_nNodeFlags
0
]
[
m_Children
0
]
[
m_Position
000000000000000000000000
]
[
m_Frame
0000803F0000000000000000000000000000803F0000000000000000000000000000803F
]
[
m_vOrientation
0
0
0
]
[
m_Flags
65536
]
[
m_Tick
0
]
[
m_NounContext
0000000000000000
]
[
m_Traits
1
4F7B2D2FC7265684
{
}
]
[
m_nTeamId
0
]
[
m_nUserId
0
]
[
m_DetectionFlags
4294967295
]
[
m_nDamage
0
]
[
m_nGroup
0
]
[
m_Armor
0
]
}
]
[
m_Children
0
]
[
m_Position
0000000000000000000070C1
]
[
m_Frame
0000803F0000000000000000000000000000803F0000000000000000000000000000803F
]
[
m_fFrameScale
1.000000
]
[
m_NounContext
gadgets\\armormolecular.prt
]
[
m_nDamage
0
]
[
m_bMountFore
0
]
[
m_bMountRight
0
]
[
m_bMountLeft
0
]
[
m_bMountAft
1
]
}
B2B7329B7F92DA85
E3BFB5B4FFFFFFFF
{
[
m_NodeKey
96BFB5B4FFFFFFFF
]
[
m_Class
A832875F1F808D41
]
[
m_Name
Repair Field
]
[
m_pTemplate
A832875F1F808D41
E4BFB5B4FFFFFFFF
{
[
m_Name

]
[
m_nNodeFlags
0
]
[
m_Children
0
]
[
m_Position
000000000000000000000000
]
[
m_Frame
0000803F0000000000000000000000000000803F0000000000000000000000000000803F
]
[
m_vOrientation
0
0
0
]
[
m_Flags
65536
]
[
m_Tick
0
]
[
m_NounContext
0000000000000000
]
[
m_Traits
1
4F7B2D2FC7265684
{
}
]
[
m_nTeamId
0
]
[
m_nUserId
0
]
[
m_DetectionFlags
4294967295
]
[
m_nDamage
0
]
[
m_nGroup
0
]
[
m_Reloads
0
]
}
]
[
m_Children
0
]
[
m_Position
000000000000000000000000
]
[
m_Frame
0000803F0000000000000000000000000000803F0000000000000000000000000000803F
]
[
m_fFrameScale
1.000000
]
[
m_NounContext
gadgets\\Station Reload.prt
]
[
m_nDamage
0
]
[
m_bMountFore
1
]
[
m_bMountRight
1
]
[
m_bMountLeft
1
]
[
m_bMountAft
1
]
}
B2B7329B7F92DA85
E7BFB5B4FFFFFFFF
{
[
m_NodeKey
98BFB5B4FFFFFFFF
]
[
m_Class
0D3C419A963512E0
]
[
m_Name
Reactor F
]
[
m_pTemplate
0D3C419A963512E0
E8BFB5B4FFFFFFFF
{
[
m_Name

]
[
m_nNodeFlags
0
]
[
m_Children
0
]
[
m_Position
000000000000000000000000
]
[
m_Frame
0000803F0000000000000000000000000000803F0000000000000000000000000000803F
]
[
m_vOrientation
0
0
0
]
[
m_Flags
65537
]
[
m_Tick
0
]
[
m_NounContext
0000000000000000
]
[
m_Traits
1
4F7B2D2FC7265684
{
}
]
[
m_nTeamId
0
]
[
m_nUserId
0
]
[
m_DetectionFlags
4294967295
]
[
m_nDamage
0
]
[
m_nGroup
0
]
}
]
[
m_Children
0
]
[
m_Position
00000000000000000000A040
]
[
m_Frame
0000803F0000000000000000000000000000803F0000000000000000000000000000803F
]
[
m_fFrameScale
1.000000
]
[
m_NounContext
gadgets\\reactor aux.prt
]
[
m_nDamage
0
]
[
m_bMountFore
1
]
[
m_bMountRight
0
]
[
m_bMountLeft
0
]
[
m_bMountAft
0
]
}
B2B7329B7F92DA85
E9BFB5B4FFFFFFFF
{
[
m_NodeKey
99BFB5B4FFFFFFFF
]
[
m_Class
0D3C419A963512E0
]
[
m_Name
Reactor P
]
[
m_pTemplate
0D3C419A963512E0
EABFB5B4FFFFFFFF
{
[
m_Name

]
[
m_nNodeFlags
0
]
[
m_Children
0
]
[
m_Position
000000000000000000000000
]
[
m_Frame
0000803F0000000000000000000000000000803F0000000000000000000000000000803F
]
[
m_vOrientation
0
0
0
]
[
m_Flags
65537
]
[
m_Tick
0
]
[
m_NounContext
0000000000000000
]
[
m_Traits
1
4F7B2D2FC7265684
{
}
]
[
m_nTeamId
0
]
[
m_nUserId
0
]
[
m_DetectionFlags
4294967295
]
[
m_nDamage
0
]
[
m_nGroup
0
]
}
]
[
m_Children
0
]
[
m_Position
0000A0C00000000000000000
]
[
m_Frame
0000803F0000000000000000000000000000803F0000000000000000000000000000803F
]
[
m_fFrameScale
1.000000
]
[
m_NounContext
gadgets\\reactor aux.prt
]
[
m_nDamage
0
]
[
m_bMountFore
0
]
[
m_bMountRight
0
]
[
m_bMountLeft
1
]
[
m_bMountAft
0
]
}
B2B7329B7F92DA85
EBBFB5B4FFFFFFFF
{
[
m_NodeKey
9ABFB5B4FFFFFFFF
]
[
m_Class
0D3C419A963512E0
]
[
m_Name
Reactor S
]
[
m_pTemplate
0D3C419A963512E0
ECBFB5B4FFFFFFFF
{
[
m_Name

]
[
m_nNodeFlags
0
]
[
m_Children
0
]
[
m_Position
000000000000000000000000
]
[
m_Frame
0000803F0000000000000000000000000000803F0000000000000000000000000000803F
]
[
m_vOrientation
0
0
0
]
[
m_Flags
65537
]
[
m_Tick
0
]
[
m_NounContext
0000000000000000
]
[
m_Traits
1
4F7B2D2FC7265684
{
}
]
[
m_nTeamId
0
]
[
m_nUserId
0
]
[
m_DetectionFlags
4294967295
]
[
m_nDamage
0
]
[
m_nGroup
0
]
}
]
[
m_Children
0
]
[
m_Position
0000A0400000000000000000
]
[
m_Frame
0000803F0000000000000000000000000000803F0000000000000000000000000000803F
]
[
m_fFrameScale
1.000000
]
[
m_NounContext
gadgets\\reactor aux.prt
]
[
m_nDamage
0
]
[
m_bMountFore
0
]
[
m_bMountRight
1
]
[
m_bMountLeft
0
]
[
m_bMountAft
0
]
}
B2B7329B7F92DA85
EDBFB5B4FFFFFFFF
{
[
m_NodeKey
9BBFB5B4FFFFFFFF
]
[
m_Class
0D3C419A963512E0
]
[
m_Name
Reactor A
]
[
m_pTemplate
0D3C419A963512E0
EEBFB5B4FFFFFFFF
{
[
m_Name

]
[
m_nNodeFlags
0
]
[
m_Children
0
]
[
m_Position
000000000000000000000000
]
[
m_Frame
0000803F0000000000000000000000000000803F0000000000000000000000000000803F
]
[
m_vOrientation
0
0
0
]
[
m_Flags
65537
]
[
m_Tick
0
]
[
m_NounContext
0000000000000000
]
[
m_Traits
1
4F7B2D2FC7265684
{
}
]
[
m_nTeamId
0
]
[
m_nUserId
0
]
[
m_DetectionFlags
4294967295
]
[
m_nDamage
0
]
[
m_nGroup
0
]
}
]
[
m_Children
0
]
[
m_Position
00000000000000000000A0C0
]
[
m_Frame
0000803F0000000000000000000000000000803F0000000000000000000000000000803F
]
[
m_fFrameScale
1.000000
]
[
m_NounContext
gadgets\\reactor aux.prt
]
[
m_nDamage
0
]
[
m_bMountFore
0
]
[
m_bMountRight
0
]
[
m_bMountLeft
0
]
[
m_bMountAft
1
]
}
B2B7329B7F92DA85
EFBFB5B4FFFFFFFF
{
[
m_NodeKey
A0BFB5B4FFFFFFFF
]
[
m_Class
24CEC3CBB515CF69
]
[
m_Name
Nanite Injector
]
[
m_pTemplate
24CEC3CBB515CF69
F0BFB5B4FFFFFFFF
{
[
m_Name

]
[
m_nNodeFlags
0
]
[
m_Children
0
]
[
m_Position
000000000000000000000000
]
[
m_Frame
0000803F0000000000000000000000000000803F0000000000000000000000000000803F
]
[
m_vOrientation
0
0
0
]
[
m_Flags
65536
]
[
m_Tick
0
]
[
m_NounContext
0000000000000000
]
[
m_Traits
1
4F7B2D2FC7265684
{
}
]
[
m_nTeamId
0
]
[
m_nUserId
0
]
[
m_DetectionFlags
4294967295
]
[
m_nDamage
0
]
[
m_nGroup
0
]
[
m_nSupply
0
]
}
]
[
m_Children
0
]
[
m_Position
000000000000000000000000
]
[
m_Frame
0000803F0000000000000000000000000000803F0000000000000000000000000000803F
]
[
m_fFrameScale
1.000000
]
[
m_NounContext
gadgets\\nanite injector.prt
]
[
m_nDamage
0
]
[
m_bMountFore
1
]
[
m_bMountRight
1
]
[
m_bMountLeft
1
]
[
m_bMountAft
1
]
}
B2B7329B7F92DA85
F1BFB5B4FFFFFFFF
{
[
m_NodeKey
A1BFB5B4FFFFFFFF
]
[
m_Class
24CEC3CBB515CF69
]
[
m_Name
Nanite Injector
]
[
m_pTemplate
24CEC3CBB515CF69
F2BFB5B4FFFFFFFF
{
[
m_Name

]
[
m_nNodeFlags
0
]
[
m_Children
0
]
[
m_Position
000000000000000000000000
]
[
m_Frame
0000803F0000000000000000000000000000803F0000000000000000000000000000803F
]
[
m_vOrientation
0
0
0
]
[
m_Flags
65536
]
[
m_Tick
0
]
[
m_NounContext
0000000000000000
]
[
m_Traits
1
4F7B2D2FC7265684
{
}
]
[
m_nTeamId
0
]
[
m_nUserId
0
]
[
m_DetectionFlags
4294967295
]
[
m_nDamage
0
]
[
m_nGroup
0
]
[
m_nSupply
0
]
}
]
[
m_Children
0
]
[
m_Position
000000000000000000000000
]
[
m_Frame
0000803F0000000000000000000000000000803F0000000000000000000000000000803F
]
[
m_fFrameScale
1.000000
]
[
m_NounContext
gadgets\\nanite injector.prt
]
[
m_nDamage
0
]
[
m_bMountFore
1
]
[
m_bMountRight
1
]
[
m_bMountLeft
1
]
[
m_bMountAft
1
]
}
B2B7329B7F92DA85
F3BFB5B4FFFFFFFF
{
[
m_NodeKey
A2BFB5B4FFFFFFFF
]
[
m_Class
7AE3B1B227695BEC
]
[
m_Name
Singularity Lance
]
[
m_pTemplate
7AE3B1B227695BEC
F4BFB5B4FFFFFFFF
{
[
m_Name

]
[
m_nNodeFlags
0
]
[
m_Children
0
]
[
m_Position
000000000000000000000000
]
[
m_Frame
0000803F0000000000000000000000000000803F0000000000000000000000000000803F
]
[
m_vOrientation
0
0
0
]
[
m_Flags
65536
]
[
m_Tick
0
]
[
m_NounContext
0000000000000000
]
[
m_Traits
1
4F7B2D2FC7265684
{
}
]
[
m_nTeamId
0
]
[
m_nUserId
0
]
[
m_DetectionFlags
4294967295
]
[
m_nDamage
0
]
[
m_nGroup
0
]
[
m_Energy
0
]
[
m_Duration
-1
]
[
m_PointDefense
0
]
[
m_Target
0
0000000000000000
]
}
]
[
m_Children
0
]
[
m_Position
00000000CDCCAC4100000000
]
[
m_Frame
0000803F0000000000000000000000000000803F0000000000000000000000000000803F
]
[
m_fFrameScale
1.000000
]
[
m_NounContext
gadgets\\SingularityLance.prt
]
[
m_nDamage
0
]
[
m_bMountFore
1
]
[
m_bMountRight
1
]
[
m_bMountLeft
1
]
[
m_bMountAft
1
]
}
B2B7329B7F92DA85
F5BFB5B4FFFFFFFF
{
[
m_NodeKey
A3BFB5B4FFFFFFFF
]
[
m_Class
7AE3B1B227695BEC
]
[
m_Name
Singularity Lance
]
[
m_pTemplate
7AE3B1B227695BEC
F6BFB5B4FFFFFFFF
{
[
m_Name

]
[
m_nNodeFlags
0
]
[
m_Children
0
]
[
m_Position
000000000000000000000000
]
[
m_Frame
0000803F0000000000000000000000000000803F0000000000000000000000000000803F
]
[
m_vOrientation
0
0
0
]
[
m_Flags
65536
]
[
m_Tick
0
]
[
m_NounContext
0000000000000000
]
[
m_Traits
1
4F7B2D2FC7265684
{
}
]
[
m_nTeamId
0
]
[
m_nUserId
0
]
[
m_DetectionFlags
4294967295
]
[
m_nDamage
0
]
[
m_nGroup
0
]
[
m_Energy
0
]
[
m_Duration
-1
]
[
m_PointDefense
0
]
[
m_Target
0
0000000000000000
]
}
]
[
m_Children
0
]
[
m_Position
00000000CDCCACC100000000
]
[
m_Frame
0000803F0000000000000000000000000000803F0000000000000000000000000000803F
]
[
m_fFrameScale
1.000000
]
[
m_NounContext
gadgets\\SingularityLance.prt
]
[
m_nDamage
0
]
[
m_bMountFore
1
]
[
m_bMountRight
1
]
[
m_bMountLeft
1
]
[
m_bMountAft
1
]
}
B2B7329B7F92DA85
F7BFB5B4FFFFFFFF
{
[
m_NodeKey
A4BFB5B4FFFFFFFF
]
[
m_Class
732A17596FFC1FA2
]
[
m_Name
Phased Energy Lance Full
]
[
m_pTemplate
732A17596FFC1FA2
F8BFB5B4FFFFFFFF
{
[
m_Name

]
[
m_nNodeFlags
0
]
[
m_Children
0
]
[
m_Position
000000000000000000000000
]
[
m_Frame
0000803F0000000000000000000000000000803F0000000000000000000000000000803F
]
[
m_vOrientation
0
0
0
]
[
m_Flags
65536
]
[
m_Tick
0
]
[
m_NounContext
0000000000000000
]
[
m_Traits
1
4F7B2D2FC7265684
{
}
]
[
m_nTeamId
0
]
[
m_nUserId
0
]
[
m_DetectionFlags
4294967295
]
[
m_nDamage
0
]
[
m_nGroup
0
]
[
m_Energy
0
]
[
m_Duration
-1
]
[
m_PointDefense
0
]
[
m_Target
0
0000000000000000
]
}
]
[
m_Children
0
]
[
m_Position
00000000CDCCAC4100000000
]
[
m_Frame
0000803F0000000000000000000000000000803F0000000000000000000000000000803F
]
[
m_fFrameScale
1.000000
]
[
m_NounContext
gadgets\\fepo.prt
]
[
m_nDamage
0
]
[
m_bMountFore
1
]
[
m_bMountRight
1
]
[
m_bMountLeft
1
]
[
m_bMountAft
1
]
}
B2B7329B7F92DA85
F9BFB5B4FFFFFFFF
{
[
m_NodeKey
A5BFB5B4FFFFFFFF
]
[
m_Class
732A17596FFC1FA2
]
[
m_Name
Phased Energy Lance Full
]
[
m_pTemplate
732A17596FFC1FA2
FABFB5B4FFFFFFFF
{
[
m_Name

]
[
m_nNodeFlags
0
]
[
m_Children
0
]
[
m_Position
000000000000000000000000
]
[
m_Frame
0000803F0000000000000000000000000000803F0000000000000000000000000000803F
]
[
m_vOrientation
0
0
0
]
[
m_Flags
65536
]
[
m_Tick
0
]
[
m_NounContext
0000000000000000
]
[
m_Traits
1
4F7B2D2FC7265684
{
}
]
[
m_nTeamId
0
]
[
m_nUserId
0
]
[
m_DetectionFlags
4294967295
]
[
m_nDamage
0
]
[
m_nGroup
0
]
[
m_Energy
0
]
[
m_Duration
-1
]
[
m_PointDefense
0
]
[
m_Target
0
0000000000000000
]
}
]
[
m_Children
0
]
[
m_Position
00000000CDCCACC100000000
]
[
m_Frame
0000803F0000000000000000000000000000803F0000000000000000000000000000803F
]
[
m_fFrameScale
1.000000
]
[
m_NounContext
gadgets\\fepo.prt
]
[
m_nDamage
0
]
[
m_bMountFore
1
]
[
m_bMountRight
1
]
[
m_bMountLeft
1
]
[
m_bMountAft
1
]
}
B2B7329B7F92DA85
FBBFB5B4FFFFFFFF
{
[
m_NodeKey
A6BFB5B4FFFFFFFF
]
[
m_Class
732A17596FFC1FA2
]
[
m_Name
Phased Energy Lance FP
]
[
m_pTemplate
732A17596FFC1FA2
FCBFB5B4FFFFFFFF
{
[
m_Name

]
[
m_nNodeFlags
0
]
[
m_Children
0
]
[
m_Position
000000000000000000000000
]
[
m_Frame
0000803F0000000000000000000000000000803F0000000000000000000000000000803F
]
[
m_vOrientation
0
0
0
]
[
m_Flags
65536
]
[
m_Tick
0
]
[
m_NounContext
0000000000000000
]
[
m_Traits
1
4F7B2D2FC7265684
{
}
]
[
m_nTeamId
0
]
[
m_nUserId
0
]
[
m_DetectionFlags
4294967295
]
[
m_nDamage
0
]
[
m_nGroup
0
]
[
m_Energy
0
]
[
m_Duration
-1
]
[
m_PointDefense
0
]
[
m_Target
0
0000000000000000
]
}
]
[
m_Children
0
]
[
m_Position
0000A0C0CDCC0C409A99A541
]
[
m_Frame
0000803F0000000000000000000000000000803F0000000000000000000000000000803F
]
[
m_fFrameScale
1.000000
]
[
m_NounContext
gadgets\\fepo.prt
]
[
m_nDamage
0
]
[
m_bMountFore
1
]
[
m_bMountRight
0
]
[
m_bMountLeft
1
]
[
m_bMountAft
0
]
}
B2B7329B7F92DA85
FDBFB5B4FFFFFFFF
{
[
m_NodeKey
A7BFB5B4FFFFFFFF
]
[
m_Class
732A17596FFC1FA2
]
[
m_Name
Phased Energy Lance FP
]
[
m_pTemplate
732A17596FFC1FA2
FEBFB5B4FFFFFFFF
{
[
m_Name

]
[
m_nNodeFlags
0
]
[
m_Children
0
]
[
m_Position
000000000000000000000000
]
[
m_Frame
0000803F0000000000000000000000000000803F0000000000000000000000000000803F
]
[
m_vOrientation
0
0
0
]
[
m_Flags
65536
]
[
m_Tick
0
]
[
m_NounContext
0000000000000000
]
[
m_Traits
1
4F7B2D2FC7265684
{
}
]
[
m_nTeamId
0
]
[
m_nUserId
0
]
[
m_DetectionFlags
4294967295
]
[
m_nDamage
0
]
[
m_nGroup
0
]
[
m_Energy
0
]
[
m_Duration
-1
]
[
m_PointDefense
0
]
[
m_Target
0
0000000000000000
]
}
]
[
m_Children
0
]
[
m_Position
0000A0C0333373C00000A441
]
[
m_Frame
0000803F0000000000000000000000000000803F0000000000000000000000000000803F
]
[
m_fFrameScale
1.000000
]
[
m_NounContext
gadgets\\fepo.prt
]
[
m_nDamage
0
]
[
m_bMountFore
1
]
[
m_bMountRight
0
]
[
m_bMountLeft
1
]
[
m_bMountAft
0
]
}
B2B7329B7F92DA85
FFBFB5B4FFFFFFFF
{
[
m_NodeKey
A8BFB5B4FFFFFFFF
]
[
m_Class
732A17596FFC1FA2
]
[
m_Name
Phased Energy Lance FS
]
[
m_pTemplate
732A17596FFC1FA2
00C0B5B4FFFFFFFF
{
[
m_Name

]
[
m_nNodeFlags
0
]
[
m_Children
0
]
[
m_Position
000000000000000000000000
]
[
m_Frame
0000803F0000000000000000000000000000803F0000000000000000000000000000803F
]
[
m_vOrientation
0
0
0
]
[
m_Flags
65536
]
[
m_Tick
0
]
[
m_NounContext
0000000000000000
]
[
m_Traits
1
4F7B2D2FC7265684
{
}
]
[
m_nTeamId
0
]
[
m_nUserId
0
]
[
m_DetectionFlags
4294967295
]
[
m_nDamage
0
]
[
m_nGroup
0
]
[
m_Energy
0
]
[
m_Duration
-1
]
[
m_PointDefense
0
]
[
m_Target
0
0000000000000000
]
}
]
[
m_Children
0
]
[
m_Position
0000A040CDCC0C409A99A541
]
[
m_Frame
0000803F0000000000000000000000000000803F0000000000000000000000000000803F
]
[
m_fFrameScale
1.000000
]
[
m_NounContext
gadgets\\fepo.prt
]
[
m_nDamage
0
]
[
m_bMountFore
1
]
[
m_bMountRight
1
]
[
m_bMountLeft
0
]
[
m_bMountAft
0
]
}
B2B7329B7F92DA85
01C0B5B4FFFFFFFF
{
[
m_NodeKey
A9BFB5B4FFFFFFFF
]
[
m_Class
732A17596FFC1FA2
]
[
m_Name
Phased Energy Lance FS
]
[
m_pTemplate
732A17596FFC1FA2
02C0B5B4FFFFFFFF
{
[
m_Name

]
[
m_nNodeFlags
0
]
[
m_Children
0
]
[
m_Position
000000000000000000000000
]
[
m_Frame
0000803F0000000000000000000000000000803F0000000000000000000000000000803F
]
[
m_vOrientation
0
0
0
]
[
m_Flags
65536
]
[
m_Tick
0
]
[
m_NounContext
0000000000000000
]
[
m_Traits
1
4F7B2D2FC7265684
{
}
]
[
m_nTeamId
0
]
[
m_nUserId
0
]
[
m_DetectionFlags
4294967295
]
[
m_nDamage
0
]
[
m_nGroup
0
]
[
m_Energy
0
]
[
m_Duration
-1
]
[
m_PointDefense
0
]
[
m_Target
0
0000000000000000
]
}
]
[
m_Children
0
]
[
m_Position
0000A040333373C00000A441
]
[
m_Frame
0000803F0000000000000000000000000000803F0000000000000000000000000000803F
]
[
m_fFrameScale
1.000000
]
[
m_NounContext
gadgets\\fepo.prt
]
[
m_nDamage
0
]
[
m_bMountFore
1
]
[
m_bMountRight
1
]
[
m_bMountLeft
0
]
[
m_bMountAft
0
]
}
B2B7329B7F92DA85
03C0B5B4FFFFFFFF
{
[
m_NodeKey
AABFB5B4FFFFFFFF
]
[
m_Class
732A17596FFC1FA2
]
[
m_Name
Phased Energy Lance AP
]
[
m_pTemplate
732A17596FFC1FA2
04C0B5B4FFFFFFFF
{
[
m_Name

]
[
m_nNodeFlags
0
]
[
m_Children
0
]
[
m_Position
000000000000000000000000
]
[
m_Frame
0000803F0000000000000000000000000000803F0000000000000000000000000000803F
]
[
m_vOrientation
0
0
0
]
[
m_Flags
65536
]
[
m_Tick
0
]
[
m_NounContext
0000000000000000
]
[
m_Traits
1
4F7B2D2FC7265684
{
}
]
[
m_nTeamId
0
]
[
m_nUserId
0
]
[
m_DetectionFlags
4294967295
]
[
m_nDamage
0
]
[
m_nGroup
0
]
[
m_Energy
0
]
[
m_Duration
-1
]
[
m_PointDefense
0
]
[
m_Target
0
0000000000000000
]
}
]
[
m_Children
0
]
[
m_Position
0000A0C0CDCC0C409A99A5C1
]
[
m_Frame
0000803F0000000000000000000000000000803F0000000000000000000000000000803F
]
[
m_fFrameScale
1.000000
]
[
m_NounContext
gadgets\\fepo.prt
]
[
m_nDamage
0
]
[
m_bMountFore
0
]
[
m_bMountRight
0
]
[
m_bMountLeft
1
]
[
m_bMountAft
1
]
}
B2B7329B7F92DA85
05C0B5B4FFFFFFFF
{
[
m_NodeKey
ABBFB5B4FFFFFFFF
]
[
m_Class
732A17596FFC1FA2
]
[
m_Name
Phased Energy Lance AP
]
[
m_pTemplate
732A17596FFC1FA2
06C0B5B4FFFFFFFF
{
[
m_Name

]
[
m_nNodeFlags
0
]
[
m_Children
0
]
[
m_Position
000000000000000000000000
]
[
m_Frame
0000803F0000000000000000000000000000803F0000000000000000000000000000803F
]
[
m_vOrientation
0
0
0
]
[
m_Flags
65536
]
[
m_Tick
0
]
[
m_NounContext
0000000000000000
]
[
m_Traits
1
4F7B2D2FC7265684
{
}
]
[
m_nTeamId
0
]
[
m_nUserId
0
]
[
m_DetectionFlags
4294967295
]
[
m_nDamage
0
]
[
m_nGroup
0
]
[
m_Energy
0
]
[
m_Duration
-1
]
[
m_PointDefense
0
]
[
m_Target
0
0000000000000000
]
}
]
[
m_Children
0
]
[
m_Position
0000A0C0333373C00000A4C1
]
[
m_Frame
0000803F0000000000000000000000000000803F0000000000000000000000000000803F
]
[
m_fFrameScale
1.000000
]
[
m_NounContext
gadgets\\fepo.prt
]
[
m_nDamage
0
]
[
m_bMountFore
0
]
[
m_bMountRight
0
]
[
m_bMountLeft
1
]
[
m_bMountAft
1
]
}
B2B7329B7F92DA85
07C0B5B4FFFFFFFF
{
[
m_NodeKey
ACBFB5B4FFFFFFFF
]
[
m_Class
732A17596FFC1FA2
]
[
m_Name
Phased Energy Lance AS
]
[
m_pTemplate
732A17596FFC1FA2
08C0B5B4FFFFFFFF
{
[
m_Name

]
[
m_nNodeFlags
0
]
[
m_Children
0
]
[
m_Position
000000000000000000000000
]
[
m_Frame
0000803F0000000000000000000000000000803F0000000000000000000000000000803F
]
[
m_vOrientation
0
0
0
]
[
m_Flags
65536
]
[
m_Tick
0
]
[
m_NounContext
0000000000000000
]
[
m_Traits
1
4F7B2D2FC7265684
{
}
]
[
m_nTeamId
0
]
[
m_nUserId
0
]
[
m_DetectionFlags
4294967295
]
[
m_nDamage
0
]
[
m_nGroup
0
]
[
m_Energy
0
]
[
m_Duration
-1
]
[
m_PointDefense
0
]
[
m_Target
0
0000000000000000
]
}
]
[
m_Children
0
]
[
m_Position
0000A040CDCC0C409A99A5C1
]
[
m_Frame
0000803F0000000000000000000000000000803F0000000000000000000000000000803F
]
[
m_fFrameScale
1.000000
]
[
m_NounContext
gadgets\\fepo.prt
]
[
m_nDamage
0
]
[
m_bMountFore
0
]
[
m_bMountRight
1
]
[
m_bMountLeft
0
]
[
m_bMountAft
1
]
}
B2B7329B7F92DA85
09C0B5B4FFFFFFFF
{
[
m_NodeKey
ADBFB5B4FFFFFFFF
]
[
m_Class
732A17596FFC1FA2
]
[
m_Name
Phased Energy Lance AS
]
[
m_pTemplate
732A17596FFC1FA2
0AC0B5B4FFFFFFFF
{
[
m_Name

]
[
m_nNodeFlags
0
]
[
m_Children
0
]
[
m_Position
000000000000000000000000
]
[
m_Frame
0000803F0000000000000000000000000000803F0000000000000000000000000000803F
]
[
m_vOrientation
0
0
0
]
[
m_Flags
65536
]
[
m_Tick
0
]
[
m_NounContext
0000000000000000
]
[
m_Traits
1
4F7B2D2FC7265684
{
}
]
[
m_nTeamId
0
]
[
m_nUserId
0
]
[
m_DetectionFlags
4294967295
]
[
m_nDamage
0
]
[
m_nGroup
0
]
[
m_Energy
0
]
[
m_Duration
-1
]
[
m_PointDefense
0
]
[
m_Target
0
0000000000000000
]
}
]
[
m_Children
0
]
[
m_Position
0000A040333373C00000A4C1
]
[
m_Frame
0000803F0000000000000000000000000000803F0000000000000000000000000000803F
]
[
m_fFrameScale
1.000000
]
[
m_NounContext
gadgets\\fepo.prt
]
[
m_nDamage
0
]
[
m_bMountFore
0
]
[
m_bMountRight
1
]
[
m_bMountLeft
0
]
[
m_bMountAft
1
]
}
B2B7329B7F92DA85
0BC0B5B4FFFFFFFF
{
[
m_NodeKey
AEBFB5B4FFFFFFFF
]
[
m_Class
1CB9C89AC2FF43F4
]
[
m_Name
Phased Energy Beam F
]
[
m_pTemplate
1CB9C89AC2FF43F4
0CC0B5B4FFFFFFFF
{
[
m_Name

]
[
m_nNodeFlags
0
]
[
m_Children
0
]
[
m_Position
000000000000000000000000
]
[
m_Frame
0000803F0000000000000000000000000000803F0000000000000000000000000000803F
]
[
m_vOrientation
0
0
0
]
[
m_Flags
65536
]
[
m_Tick
0
]
[
m_NounContext
0000000000000000
]
[
m_Traits
1
4F7B2D2FC7265684
{
}
]
[
m_nTeamId
0
]
[
m_nUserId
0
]
[
m_DetectionFlags
4294967295
]
[
m_nDamage
0
]
[
m_nGroup
0
]
[
m_Energy
0
]
[
m_Duration
-1
]
[
m_PointDefense
0
]
[
m_Target
0
0000000000000000
]
}
]
[
m_Children
0
]
[
m_Position
0000E0C0CDCC4CBF0000A441
]
[
m_Frame
0000803F0000000000000000000000000000803F0000000000000000000000000000803F
]
[
m_fFrameScale
1.000000
]
[
m_NounContext
gadgets\\fep.prt
]
[
m_nDamage
0
]
[
m_bMountFore
1
]
[
m_bMountRight
0
]
[
m_bMountLeft
0
]
[
m_bMountAft
0
]
}
B2B7329B7F92DA85
0DC0B5B4FFFFFFFF
{
[
m_NodeKey
AFBFB5B4FFFFFFFF
]
[
m_Class
1CB9C89AC2FF43F4
]
[
m_Name
Phased Energy Beam F
]
[
m_pTemplate
1CB9C89AC2FF43F4
0EC0B5B4FFFFFFFF
{
[
m_Name

]
[
m_nNodeFlags
0
]
[
m_Children
0
]
[
m_Position
000000000000000000000000
]
[
m_Frame
0000803F0000000000000000000000000000803F0000000000000000000000000000803F
]
[
m_vOrientation
0
0
0
]
[
m_Flags
65536
]
[
m_Tick
0
]
[
m_NounContext
0000000000000000
]
[
m_Traits
1
4F7B2D2FC7265684
{
}
]
[
m_nTeamId
0
]
[
m_nUserId
0
]
[
m_DetectionFlags
4294967295
]
[
m_nDamage
0
]
[
m_nGroup
0
]
[
m_Energy
0
]
[
m_Duration
-1
]
[
m_PointDefense
0
]
[
m_Target
0
0000000000000000
]
}
]
[
m_Children
0
]
[
m_Position
0000E040CDCC4CBF0000A441
]
[
m_Frame
0000803F0000000000000000000000000000803F0000000000000000000000000000803F
]
[
m_fFrameScale
1.000000
]
[
m_NounContext
gadgets\\fep.prt
]
[
m_nDamage
0
]
[
m_bMountFore
1
]
[
m_bMountRight
0
]
[
m_bMountLeft
0
]
[
m_bMountAft
0
]
}
B2B7329B7F92DA85
0FC0B5B4FFFFFFFF
{
[
m_NodeKey
B0BFB5B4FFFFFFFF
]
[
m_Class
1CB9C89AC2FF43F4
]
[
m_Name
Phased Energy Beam F
]
[
m_pTemplate
1CB9C89AC2FF43F4
10C0B5B4FFFFFFFF
{
[
m_Name

]
[
m_nNodeFlags
0
]
[
m_Children
0
]
[
m_Position
000000000000000000000000
]
[
m_Frame
0000803F0000000000000000000000000000803F0000000000000000000000000000803F
]
[
m_vOrientation
0
0
0
]
[
m_Flags
65536
]
[
m_Tick
0
]
[
m_NounContext
0000000000000000
]
[
m_Traits
1
4F7B2D2FC7265684
{
}
]
[
m_nTeamId
0
]
[
m_nUserId
0
]
[
m_DetectionFlags
4294967295
]
[
m_nDamage
0
]
[
m_nGroup
0
]
[
m_Energy
0
]
[
m_Duration
-1
]
[
m_PointDefense
0
]
[
m_Target
0
0000000000000000
]
}
]
[
m_Children
0
]
[
m_Position
000040C00000A0C0CDCCA441
]
[
m_Frame
0000803F0000000000000000000000000000803F0000000000000000000000000000803F
]
[
m_fFrameScale
1.000000
]
[
m_NounContext
gadgets\\fep.prt
]
[
m_nDamage
0
]
[
m_bMountFore
1
]
[
m_bMountRight
0
]
[
m_bMountLeft
0
]
[
m_bMountAft
0
]
}
B2B7329B7F92DA85
11C0B5B4FFFFFFFF
{
[
m_NodeKey
B1BFB5B4FFFFFFFF
]
[
m_Class
1CB9C89AC2FF43F4
]
[
m_Name
Phased Energy Beam F
]
[
m_pTemplate
1CB9C89AC2FF43F4
12C0B5B4FFFFFFFF
{
[
m_Name

]
[
m_nNodeFlags
0
]
[
m_Children
0
]
[
m_Position
000000000000000000000000
]
[
m_Frame
0000803F0000000000000000000000000000803F0000000000000000000000000000803F
]
[
m_vOrientation
0
0
0
]
[
m_Flags
65536
]
[
m_Tick
0
]
[
m_NounContext
0000000000000000
]
[
m_Traits
1
4F7B2D2FC7265684
{
}
]
[
m_nTeamId
0
]
[
m_nUserId
0
]
[
m_DetectionFlags
4294967295
]
[
m_nDamage
0
]
[
m_nGroup
0
]
[
m_Energy
0
]
[
m_Duration
-1
]
[
m_PointDefense
0
]
[
m_Target
0
0000000000000000
]
}
]
[
m_Children
0
]
[
m_Position
000040400000A0C0CDCCA441
]
[
m_Frame
0000803F0000000000000000000000000000803F0000000000000000000000000000803F
]
[
m_fFrameScale
1.000000
]
[
m_NounContext
gadgets\\fep.prt
]
[
m_nDamage
0
]
[
m_bMountFore
1
]
[
m_bMountRight
0
]
[
m_bMountLeft
0
]
[
m_bMountAft
0
]
}
B2B7329B7F92DA85
13C0B5B4FFFFFFFF
{
[
m_NodeKey
B2BFB5B4FFFFFFFF
]
[
m_Class
1CB9C89AC2FF43F4
]
[
m_Name
Phased Energy Beam P
]
[
m_pTemplate
1CB9C89AC2FF43F4
14C0B5B4FFFFFFFF
{
[
m_Name

]
[
m_nNodeFlags
0
]
[
m_Children
0
]
[
m_Position
000000000000000000000000
]
[
m_Frame
0000803F0000000000000000000000000000803F0000000000000000000000000000803F
]
[
m_vOrientation
0
0
0
]
[
m_Flags
65536
]
[
m_Tick
0
]
[
m_NounContext
0000000000000000
]
[
m_Traits
1
4F7B2D2FC7265684
{
}
]
[
m_nTeamId
0
]
[
m_nUserId
0
]
[
m_DetectionFlags
4294967295
]
[
m_nDamage
0
]
[
m_nGroup
0
]
[
m_Energy
0
]
[
m_Duration
-1
]
[
m_PointDefense
0
]
[
m_Target
0
0000000000000000
]
}
]
[
m_Children
0
]
[
m_Position
9A99A5C1CDCC0C400000A040
]
[
m_Frame
0000803F0000000000000000000000000000803F0000000000000000000000000000803F
]
[
m_fFrameScale
1.000000
]
[
m_NounContext
gadgets\\fep.prt
]
[
m_nDamage
0
]
[
m_bMountFore
0
]
[
m_bMountRight
0
]
[
m_bMountLeft
1
]
[
m_bMountAft
0
]
}
B2B7329B7F92DA85
15C0B5B4FFFFFFFF
{
[
m_NodeKey
B3BFB5B4FFFFFFFF
]
[
m_Class
1CB9C89AC2FF43F4
]
[
m_Name
Phased Energy Beam P
]
[
m_pTemplate
1CB9C89AC2FF43F4
16C0B5B4FFFFFFFF
{
[
m_Name

]
[
m_nNodeFlags
0
]
[
m_Children
0
]
[
m_Position
000000000000000000000000
]
[
m_Frame
0000803F0000000000000000000000000000803F0000000000000000000000000000803F
]
[
m_vOrientation
0
0
0
]
[
m_Flags
65536
]
[
m_Tick
0
]
[
m_NounContext
0000000000000000
]
[
m_Traits
1
4F7B2D2FC7265684
{
}
]
[
m_nTeamId
0
]
[
m_nUserId
0
]
[
m_DetectionFlags
4294967295
]
[
m_nDamage
0
]
[
m_nGroup
0
]
[
m_Energy
0
]
[
m_Duration
-1
]
[
m_PointDefense
0
]
[
m_Target
0
0000000000000000
]
}
]
[
m_Children
0
]
[
m_Position
9A99A5C1333373C00000A040
]
[
m_Frame
0000803F0000000000000000000000000000803F0000000000000000000000000000803F
]
[
m_fFrameScale
1.000000
]
[
m_NounContext
gadgets\\fep.prt
]
[
m_nDamage
0
]
[
m_bMountFore
0
]
[
m_bMountRight
0
]
[
m_bMountLeft
1
]
[
m_bMountAft
0
]
}
B2B7329B7F92DA85
17C0B5B4FFFFFFFF
{
[
m_NodeKey
B4BFB5B4FFFFFFFF
]
[
m_Class
1CB9C89AC2FF43F4
]
[
m_Name
Phased Energy Beam P
]
[
m_pTemplate
1CB9C89AC2FF43F4
18C0B5B4FFFFFFFF
{
[
m_Name

]
[
m_nNodeFlags
0
]
[
m_Children
0
]
[
m_Position
000000000000000000000000
]
[
m_Frame
0000803F0000000000000000000000000000803F0000000000000000000000000000803F
]
[
m_vOrientation
0
0
0
]
[
m_Flags
65536
]
[
m_Tick
0
]
[
m_NounContext
0000000000000000
]
[
m_Traits
1
4F7B2D2FC7265684
{
}
]
[
m_nTeamId
0
]
[
m_nUserId
0
]
[
m_DetectionFlags
4294967295
]
[
m_nDamage
0
]
[
m_nGroup
0
]
[
m_Energy
0
]
[
m_Duration
-1
]
[
m_PointDefense
0
]
[
m_Target
0
0000000000000000
]
}
]
[
m_Children
0
]
[
m_Position
9A99A5C1CDCC0C400000A0C0
]
[
m_Frame
0000803F0000000000000000000000000000803F0000000000000000000000000000803F
]
[
m_fFrameScale
1.000000
]
[
m_NounContext
gadgets\\fep.prt
]
[
m_nDamage
0
]
[
m_bMountFore
0
]
[
m_bMountRight
0
]
[
m_bMountLeft
1
]
[
m_bMountAft
0
]
}
B2B7329B7F92DA85
19C0B5B4FFFFFFFF
{
[
m_NodeKey
B5BFB5B4FFFFFFFF
]
[
m_Class
1CB9C89AC2FF43F4
]
[
m_Name
Phased Energy Beam P
]
[
m_pTemplate
1CB9C89AC2FF43F4
1AC0B5B4FFFFFFFF
{
[
m_Name

]
[
m_nNodeFlags
0
]
[
m_Children
0
]
[
m_Position
000000000000000000000000
]
[
m_Frame
0000803F0000000000000000000000000000803F0000000000000000000000000000803F
]
[
m_vOrientation
0
0
0
]
[
m_Flags
65536
]
[
m_Tick
0
]
[
m_NounContext
0000000000000000
]
[
m_Traits
1
4F7B2D2FC7265684
{
}
]
[
m_nTeamId
0
]
[
m_nUserId
0
]
[
m_DetectionFlags
4294967295
]
[
m_nDamage
0
]
[
m_nGroup
0
]
[
m_Energy
0
]
[
m_Duration
-1
]
[
m_PointDefense
0
]
[
m_Target
0
0000000000000000
]
}
]
[
m_Children
0
]
[
m_Position
9A99A5C1333373C00000A0C0
]
[
m_Frame
0000803F0000000000000000000000000000803F0000000000000000000000000000803F
]
[
m_fFrameScale
1.000000
]
[
m_NounContext
gadgets\\fep.prt
]
[
m_nDamage
0
]
[
m_bMountFore
0
]
[
m_bMountRight
0
]
[
m_bMountLeft
1
]
[
m_bMountAft
0
]
}
B2B7329B7F92DA85
1BC0B5B4FFFFFFFF
{
[
m_NodeKey
B6BFB5B4FFFFFFFF
]
[
m_Class
1CB9C89AC2FF43F4
]
[
m_Name
Phased Energy Beam S
]
[
m_pTemplate
1CB9C89AC2FF43F4
1CC0B5B4FFFFFFFF
{
[
m_Name

]
[
m_nNodeFlags
0
]
[
m_Children
0
]
[
m_Position
000000000000000000000000
]
[
m_Frame
0000803F0000000000000000000000000000803F0000000000000000000000000000803F
]
[
m_vOrientation
0
0
0
]
[
m_Flags
65536
]
[
m_Tick
0
]
[
m_NounContext
0000000000000000
]
[
m_Traits
1
4F7B2D2FC7265684
{
}
]
[
m_nTeamId
0
]
[
m_nUserId
0
]
[
m_DetectionFlags
4294967295
]
[
m_nDamage
0
]
[
m_nGroup
0
]
[
m_Energy
0
]
[
m_Duration
-1
]
[
m_PointDefense
0
]
[
m_Target
0
0000000000000000
]
}
]
[
m_Children
0
]
[
m_Position
9A99A541CDCC0C400000A040
]
[
m_Frame
0000803F0000000000000000000000000000803F0000000000000000000000000000803F
]
[
m_fFrameScale
1.000000
]
[
m_NounContext
gadgets\\fep.prt
]
[
m_nDamage
0
]
[
m_bMountFore
0
]
[
m_bMountRight
1
]
[
m_bMountLeft
0
]
[
m_bMountAft
0
]
}
B2B7329B7F92DA85
1DC0B5B4FFFFFFFF
{
[
m_NodeKey
B7BFB5B4FFFFFFFF
]
[
m_Class
1CB9C89AC2FF43F4
]
[
m_Name
Phased Energy Beam S
]
[
m_pTemplate
1CB9C89AC2FF43F4
1EC0B5B4FFFFFFFF
{
[
m_Name

]
[
m_nNodeFlags
0
]
[
m_Children
0
]
[
m_Position
000000000000000000000000
]
[
m_Frame
0000803F0000000000000000000000000000803F0000000000000000000000000000803F
]
[
m_vOrientation
0
0
0
]
[
m_Flags
65536
]
[
m_Tick
0
]
[
m_NounContext
0000000000000000
]
[
m_Traits
1
4F7B2D2FC7265684
{
}
]
[
m_nTeamId
0
]
[
m_nUserId
0
]
[
m_DetectionFlags
4294967295
]
[
m_nDamage
0
]
[
m_nGroup
0
]
[
m_Energy
0
]
[
m_Duration
-1
]
[
m_PointDefense
0
]
[
m_Target
0
0000000000000000
]
}
]
[
m_Children
0
]
[
m_Position
9A99A541333373C00000A040
]
[
m_Frame
0000803F0000000000000000000000000000803F0000000000000000000000000000803F
]
[
m_fFrameScale
1.000000
]
[
m_NounContext
gadgets\\fep.prt
]
[
m_nDamage
0
]
[
m_bMountFore
0
]
[
m_bMountRight
1
]
[
m_bMountLeft
0
]
[
m_bMountAft
0
]
}
B2B7329B7F92DA85
1FC0B5B4FFFFFFFF
{
[
m_NodeKey
B8BFB5B4FFFFFFFF
]
[
m_Class
1CB9C89AC2FF43F4
]
[
m_Name
Phased Energy Beam S
]
[
m_pTemplate
1CB9C89AC2FF43F4
20C0B5B4FFFFFFFF
{
[
m_Name

]
[
m_nNodeFlags
0
]
[
m_Children
0
]
[
m_Position
000000000000000000000000
]
[
m_Frame
0000803F0000000000000000000000000000803F0000000000000000000000000000803F
]
[
m_vOrientation
0
0
0
]
[
m_Flags
65536
]
[
m_Tick
0
]
[
m_NounContext
0000000000000000
]
[
m_Traits
1
4F7B2D2FC7265684
{
}
]
[
m_nTeamId
0
]
[
m_nUserId
0
]
[
m_DetectionFlags
4294967295
]
[
m_nDamage
0
]
[
m_nGroup
0
]
[
m_Energy
0
]
[
m_Duration
-1
]
[
m_PointDefense
0
]
[
m_Target
0
0000000000000000
]
}
]
[
m_Children
0
]
[
m_Position
9A99A541CDCC0C400000A0C0
]
[
m_Frame
0000803F0000000000000000000000000000803F0000000000000000000000000000803F
]
[
m_fFrameScale
1.000000
]
[
m_NounContext
gadgets\\fep.prt
]
[
m_nDamage
0
]
[
m_bMountFore
0
]
[
m_bMountRight
1
]
[
m_bMountLeft
0
]
[
m_bMountAft
0
]
}
B2B7329B7F92DA85
21C0B5B4FFFFFFFF
{
[
m_NodeKey
B9BFB5B4FFFFFFFF
]
[
m_Class
1CB9C89AC2FF43F4
]
[
m_Name
Phased Energy Beam S
]
[
m_pTemplate
1CB9C89AC2FF43F4
22C0B5B4FFFFFFFF
{
[
m_Name

]
[
m_nNodeFlags
0
]
[
m_Children
0
]
[
m_Position
000000000000000000000000
]
[
m_Frame
0000803F0000000000000000000000000000803F0000000000000000000000000000803F
]
[
m_vOrientation
0
0
0
]
[
m_Flags
65536
]
[
m_Tick
0
]
[
m_NounContext
0000000000000000
]
[
m_Traits
1
4F7B2D2FC7265684
{
}
]
[
m_nTeamId
0
]
[
m_nUserId
0
]
[
m_DetectionFlags
4294967295
]
[
m_nDamage
0
]
[
m_nGroup
0
]
[
m_Energy
0
]
[
m_Duration
-1
]
[
m_PointDefense
0
]
[
m_Target
0
0000000000000000
]
}
]
[
m_Children
0
]
[
m_Position
9A99A541333373C00000A0C0
]
[
m_Frame
0000803F0000000000000000000000000000803F0000000000000000000000000000803F
]
[
m_fFrameScale
1.000000
]
[
m_NounContext
gadgets\\fep.prt
]
[
m_nDamage
0
]
[
m_bMountFore
0
]
[
m_bMountRight
1
]
[
m_bMountLeft
0
]
[
m_bMountAft
0
]
}
B2B7329B7F92DA85
23C0B5B4FFFFFFFF
{
[
m_NodeKey
BABFB5B4FFFFFFFF
]
[
m_Class
1CB9C89AC2FF43F4
]
[
m_Name
Phased Energy Beam A
]
[
m_pTemplate
1CB9C89AC2FF43F4
24C0B5B4FFFFFFFF
{
[
m_Name

]
[
m_nNodeFlags
0
]
[
m_Children
0
]
[
m_Position
000000000000000000000000
]
[
m_Frame
0000803F0000000000000000000000000000803F0000000000000000000000000000803F
]
[
m_vOrientation
0
0
0
]
[
m_Flags
65536
]
[
m_Tick
0
]
[
m_NounContext
0000000000000000
]
[
m_Traits
1
4F7B2D2FC7265684
{
}
]
[
m_nTeamId
0
]
[
m_nUserId
0
]
[
m_DetectionFlags
4294967295
]
[
m_nDamage
0
]
[
m_nGroup
0
]
[
m_Energy
0
]
[
m_Duration
-1
]
[
m_PointDefense
0
]
[
m_Target
0
0000000000000000
]
}
]
[
m_Children
0
]
[
m_Position
0000E0C0CDCC4CBF0000A4C1
]
[
m_Frame
0000803F0000000000000000000000000000803F0000000000000000000000000000803F
]
[
m_fFrameScale
1.000000
]
[
m_NounContext
gadgets\\fep.prt
]
[
m_nDamage
0
]
[
m_bMountFore
0
]
[
m_bMountRight
0
]
[
m_bMountLeft
0
]
[
m_bMountAft
1
]
}
B2B7329B7F92DA85
25C0B5B4FFFFFFFF
{
[
m_NodeKey
BBBFB5B4FFFFFFFF
]
[
m_Class
1CB9C89AC2FF43F4
]
[
m_Name
Phased Energy Beam A
]
[
m_pTemplate
1CB9C89AC2FF43F4
26C0B5B4FFFFFFFF
{
[
m_Name

]
[
m_nNodeFlags
0
]
[
m_Children
0
]
[
m_Position
000000000000000000000000
]
[
m_Frame
0000803F0000000000000000000000000000803F0000000000000000000000000000803F
]
[
m_vOrientation
0
0
0
]
[
m_Flags
65536
]
[
m_Tick
0
]
[
m_NounContext
0000000000000000
]
[
m_Traits
1
4F7B2D2FC7265684
{
}
]
[
m_nTeamId
0
]
[
m_nUserId
0
]
[
m_DetectionFlags
4294967295
]
[
m_nDamage
0
]
[
m_nGroup
0
]
[
m_Energy
0
]
[
m_Duration
-1
]
[
m_PointDefense
0
]
[
m_Target
0
0000000000000000
]
}
]
[
m_Children
0
]
[
m_Position
0000E040CDCC4CBF0000A4C1
]
[
m_Frame
0000803F0000000000000000000000000000803F0000000000000000000000000000803F
]
[
m_fFrameScale
1.000000
]
[
m_NounContext
gadgets\\fep.prt
]
[
m_nDamage
0
]
[
m_bMountFore
0
]
[
m_bMountRight
0
]
[
m_bMountLeft
0
]
[
m_bMountAft
1
]
}
B2B7329B7F92DA85
27C0B5B4FFFFFFFF
{
[
m_NodeKey
BCBFB5B4FFFFFFFF
]
[
m_Class
1CB9C89AC2FF43F4
]
[
m_Name
Phased Energy Beam A
]
[
m_pTemplate
1CB9C89AC2FF43F4
28C0B5B4FFFFFFFF
{
[
m_Name

]
[
m_nNodeFlags
0
]
[
m_Children
0
]
[
m_Position
000000000000000000000000
]
[
m_Frame
0000803F0000000000000000000000000000803F0000000000000000000000000000803F
]
[
m_vOrientation
0
0
0
]
[
m_Flags
65536
]
[
m_Tick
0
]
[
m_NounContext
0000000000000000
]
[
m_Traits
1
4F7B2D2FC7265684
{
}
]
[
m_nTeamId
0
]
[
m_nUserId
0
]
[
m_DetectionFlags
4294967295
]
[
m_nDamage
0
]
[
m_nGroup
0
]
[
m_Energy
0
]
[
m_Duration
-1
]
[
m_PointDefense
0
]
[
m_Target
0
0000000000000000
]
}
]
[
m_Children
0
]
[
m_Position
000040C00000A0C0CDCCA4C1
]
[
m_Frame
0000803F0000000000000000000000000000803F0000000000000000000000000000803F
]
[
m_fFrameScale
1.000000
]
[
m_NounContext
gadgets\\fep.prt
]
[
m_nDamage
0
]
[
m_bMountFore
0
]
[
m_bMountRight
0
]
[
m_bMountLeft
0
]
[
m_bMountAft
1
]
}
B2B7329B7F92DA85
29C0B5B4FFFFFFFF
{
[
m_NodeKey
BDBFB5B4FFFFFFFF
]
[
m_Class
1CB9C89AC2FF43F4
]
[
m_Name
Phased Energy Beam A
]
[
m_pTemplate
1CB9C89AC2FF43F4
2AC0B5B4FFFFFFFF
{
[
m_Name

]
[
m_nNodeFlags
0
]
[
m_Children
0
]
[
m_Position
000000000000000000000000
]
[
m_Frame
0000803F0000000000000000000000000000803F0000000000000000000000000000803F
]
[
m_vOrientation
0
0
0
]
[
m_Flags
65536
]
[
m_Tick
0
]
[
m_NounContext
0000000000000000
]
[
m_Traits
1
4F7B2D2FC7265684
{
}
]
[
m_nTeamId
0
]
[
m_nUserId
0
]
[
m_DetectionFlags
4294967295
]
[
m_nDamage
0
]
[
m_nGroup
0
]
[
m_Energy
0
]
[
m_Duration
-1
]
[
m_PointDefense
0
]
[
m_Target
0
0000000000000000
]
}
]
[
m_Children
0
]
[
m_Position
000040400000A0C0CDCCA4C1
]
[
m_Frame
0000803F0000000000000000000000000000803F0000000000000000000000000000803F
]
[
m_fFrameScale
1.000000
]
[
m_NounContext
gadgets\\fep.prt
]
[
m_nDamage
0
]
[
m_bMountFore
0
]
[
m_bMountRight
0
]
[
m_bMountLeft
0
]
[
m_bMountAft
1
]
}
B2B7329B7F92DA85
2BC0B5B4FFFFFFFF
{
[
m_NodeKey
BEBFB5B4FFFFFFFF
]
[
m_Class
1D0B165859E391FE
]
[
m_Name
Energy Torpedo Full
]
[
m_pTemplate
1D0B165859E391FE
2CC0B5B4FFFFFFFF
{
[
m_Name

]
[
m_nNodeFlags
0
]
[
m_Children
0
]
[
m_Position
000000000000000000000000
]
[
m_Frame
0000803F0000000000000000000000000000803F0000000000000000000000000000803F
]
[
m_vOrientation
0
0
0
]
[
m_Flags
65536
]
[
m_Tick
0
]
[
m_NounContext
0000000000000000
]
[
m_Traits
1
4F7B2D2FC7265684
{
}
]
[
m_nTeamId
0
]
[
m_nUserId
0
]
[
m_DetectionFlags
4294967295
]
[
m_nDamage
0
]
[
m_nGroup
0
]
[
m_Energy
0
]
[
m_Ammo
0
]
}
]
[
m_Children
0
]
[
m_Position
000000000000A84100000000
]
[
m_Frame
0000803F000000000000000000000000000080BF000000000000000000000000000080BF
]
[
m_fFrameScale
1.000000
]
[
m_NounContext
gadgets\\energy torpedo.prt
]
[
m_nDamage
0
]
[
m_bMountFore
1
]
[
m_bMountRight
1
]
[
m_bMountLeft
1
]
[
m_bMountAft
1
]
}
B2B7329B7F92DA85
2DC0B5B4FFFFFFFF
{
[
m_NodeKey
BFBFB5B4FFFFFFFF
]
[
m_Class
1D0B165859E391FE
]
[
m_Name
Energy Torpedo Full
]
[
m_pTemplate
1D0B165859E391FE
2EC0B5B4FFFFFFFF
{
[
m_Name

]
[
m_nNodeFlags
0
]
[
m_Children
0
]
[
m_Position
000000000000000000000000
]
[
m_Frame
0000803F0000000000000000000000000000803F0000000000000000000000000000803F
]
[
m_vOrientation
0
0
0
]
[
m_Flags
65536
]
[
m_Tick
0
]
[
m_NounContext
0000000000000000
]
[
m_Traits
1
4F7B2D2FC7265684
{
}
]
[
m_nTeamId
0
]
[
m_nUserId
0
]
[
m_DetectionFlags
4294967295
]
[
m_nDamage
0
]
[
m_nGroup
0
]
[
m_Energy
0
]
[
m_Ammo
0
]
}
]
[
m_Children
0
]
[
m_Position
000000000000A8C100000000
]
[
m_Frame
0000803F000000000000000000000000000080BF000000000000000000000000000080BF
]
[
m_fFrameScale
1.000000
]
[
m_NounContext
gadgets\\energy torpedo.prt
]
[
m_nDamage
0
]
[
m_bMountFore
1
]
[
m_bMountRight
1
]
[
m_bMountLeft
1
]
[
m_bMountAft
1
]
}
B2B7329B7F92DA85
31C0B5B4FFFFFFFF
{
[
m_NodeKey
C1BFB5B4FFFFFFFF
]
[
m_Class
1D0B165859E391FE
]
[
m_Name
Energy Torpedo F
]
[
m_pTemplate
1D0B165859E391FE
32C0B5B4FFFFFFFF
{
[
m_Name

]
[
m_nNodeFlags
0
]
[
m_Children
0
]
[
m_Position
000000000000000000000000
]
[
m_Frame
0000803F0000000000000000000000000000803F0000000000000000000000000000803F
]
[
m_vOrientation
0
0
0
]
[
m_Flags
65536
]
[
m_Tick
0
]
[
m_NounContext
0000000000000000
]
[
m_Traits
1
4F7B2D2FC7265684
{
}
]
[
m_nTeamId
0
]
[
m_nUserId
0
]
[
m_DetectionFlags
4294967295
]
[
m_nDamage
0
]
[
m_nGroup
0
]
[
m_Energy
0
]
[
m_Ammo
0
]
}
]
[
m_Children
0
]
[
m_Position
00000000000090C00000A841
]
[
m_Frame
0000803F0000000000000000000000000000803F0000000000000000000000000000803F
]
[
m_fFrameScale
1.000000
]
[
m_NounContext
gadgets\\energy torpedo.prt
]
[
m_nDamage
0
]
[
m_bMountFore
1
]
[
m_bMountRight
0
]
[
m_bMountLeft
0
]
[
m_bMountAft
0
]
}
B2B7329B7F92DA85
35C0B5B4FFFFFFFF
{
[
m_NodeKey
C3BFB5B4FFFFFFFF
]
[
m_Class
1D0B165859E391FE
]
[
m_Name
Energy Torpedo P
]
[
m_pTemplate
1D0B165859E391FE
36C0B5B4FFFFFFFF
{
[
m_Name

]
[
m_nNodeFlags
0
]
[
m_Children
0
]
[
m_Position
000000000000000000000000
]
[
m_Frame
0000803F0000000000000000000000000000803F0000000000000000000000000000803F
]
[
m_vOrientation
0
0
0
]
[
m_Flags
65536
]
[
m_Tick
0
]
[
m_NounContext
0000000000000000
]
[
m_Traits
1
4F7B2D2FC7265684
{
}
]
[
m_nTeamId
0
]
[
m_nUserId
0
]
[
m_DetectionFlags
4294967295
]
[
m_nDamage
0
]
[
m_nGroup
0
]
[
m_Energy
0
]
[
m_Ammo
0
]
}
]
[
m_Children
0
]
[
m_Position
0000A8C1000090C000000000
]
[
m_Frame
00000080000000000000803F000000000000803F00000000000080BF0000000000000080
]
[
m_fFrameScale
1.000000
]
[
m_NounContext
gadgets\\energy torpedo.prt
]
[
m_nDamage
0
]
[
m_bMountFore
0
]
[
m_bMountRight
0
]
[
m_bMountLeft
1
]
[
m_bMountAft
0
]
}
B2B7329B7F92DA85
39C0B5B4FFFFFFFF
{
[
m_NodeKey
C5BFB5B4FFFFFFFF
]
[
m_Class
1D0B165859E391FE
]
[
m_Name
Energy Torpedo S
]
[
m_pTemplate
1D0B165859E391FE
3AC0B5B4FFFFFFFF
{
[
m_Name

]
[
m_nNodeFlags
0
]
[
m_Children
0
]
[
m_Position
000000000000000000000000
]
[
m_Frame
0000803F0000000000000000000000000000803F0000000000000000000000000000803F
]
[
m_vOrientation
0
0
0
]
[
m_Flags
65536
]
[
m_Tick
0
]
[
m_NounContext
0000000000000000
]
[
m_Traits
1
4F7B2D2FC7265684
{
}
]
[
m_nTeamId
0
]
[
m_nUserId
0
]
[
m_DetectionFlags
4294967295
]
[
m_nDamage
0
]
[
m_nGroup
0
]
[
m_Energy
0
]
[
m_Ammo
0
]
}
]
[
m_Children
0
]
[
m_Position
0000A841000090C000000000
]
[
m_Frame
0000000000000000000080BF000000800000803F000000000000803F0000000000000000
]
[
m_fFrameScale
1.000000
]
[
m_NounContext
gadgets\\energy torpedo.prt
]
[
m_nDamage
0
]
[
m_bMountFore
0
]
[
m_bMountRight
0
]
[
m_bMountLeft
1
]
[
m_bMountAft
0
]
}
B2B7329B7F92DA85
3DC0B5B4FFFFFFFF
{
[
m_NodeKey
C7BFB5B4FFFFFFFF
]
[
m_Class
1D0B165859E391FE
]
[
m_Name
Energy Torpedo A
]
[
m_pTemplate
1D0B165859E391FE
3EC0B5B4FFFFFFFF
{
[
m_Name

]
[
m_nNodeFlags
0
]
[
m_Children
0
]
[
m_Position
000000000000000000000000
]
[
m_Frame
0000803F0000000000000000000000000000803F0000000000000000000000000000803F
]
[
m_vOrientation
0
0
0
]
[
m_Flags
65536
]
[
m_Tick
0
]
[
m_NounContext
0000000000000000
]
[
m_Traits
1
4F7B2D2FC7265684
{
}
]
[
m_nTeamId
0
]
[
m_nUserId
0
]
[
m_DetectionFlags
4294967295
]
[
m_nDamage
0
]
[
m_nGroup
0
]
[
m_Energy
0
]
[
m_Ammo
0
]
}
]
[
m_Children
0
]
[
m_Position
00000000000090C00000A8C1
]
[
m_Frame
0000803F000000000000000000000000000080BF000000000000000000000000000080BF
]
[
m_fFrameScale
1.000000
]
[
m_NounContext
gadgets\\energy torpedo.prt
]
[
m_nDamage
0
]
[
m_bMountFore
0
]
[
m_bMountRight
0
]
[
m_bMountLeft
0
]
[
m_bMountAft
1
]
}
B2B7329B7F92DA85
444D7EC3FFFFFFFF
{
[
m_NodeKey
394D7EC3FFFFFFFF
]
[
m_Class
09A62FED9BACDA85
]
[
m_Name
Targetting Computer Jammer
]
[
m_pTemplate
09A62FED9BACDA85
454D7EC3FFFFFFFF
{
[
m_Name

]
[
m_nNodeFlags
0
]
[
m_Children
0
]
[
m_Position
000000000000000000000000
]
[
m_Frame
0000803F0000000000000000000000000000803F0000000000000000000000000000803F
]
[
m_vOrientation
0
0
0
]
[
m_Flags
65536
]
[
m_Tick
0
]
[
m_NounContext
0000000000000000
]
[
m_Traits
1
4F7B2D2FC7265684
{
}
]
[
m_nTeamId
0
]
[
m_nUserId
0
]
[
m_DetectionFlags
4294967295
]
[
m_nDamage
0
]
[
m_nGroup
0
]
[
m_pField
3CA8062DFBDDA489
464D7EC3FFFFFFFF
{
[
m_Name

]
[
m_nNodeFlags
0
]
[
m_Children
0
]
[
m_Position
000000000000000000000000
]
[
m_Frame
0000803F0000000000000000000000000000803F0000000000000000000000000000803F
]
[
m_vOrientation
0
0
0
]
[
m_Flags
0
]
[
m_Tick
0
]
[
m_NounContext
0000000000000000
]
[
m_Traits
1
4F7B2D2FC7265684
{
}
]
[
m_nTeamId
0
]
[
m_nUserId
0
]
[
m_DetectionFlags
4294967295
]
[
m_fFieldRadius
1000.000000
]
[
m_bFriendsOnly
0
]
[
m_Modifiers
2
2CD16B836064D085
474D7EC3FFFFFFFF
{
[
m_eType
08000000
]
[
m_nValue
-8
]
}
2CD16B836064D085
484D7EC3FFFFFFFF
{
[
m_eType
05000000
]
[
m_nValue
-8
]
}
]
}
]
}
]
[
m_Children
0
]
[
m_Position
00000000000080C0000020C0
]
[
m_Frame
0000803F0000000000000000000000000000803F0000000000000000000000000000803F
]
[
m_fFrameScale
1.000000
]
[
m_NounContext
gadgets\\auras\\cruiser auras\\DamageAura.prt
]
[
m_nDamage
0
]
[
m_bMountFore
1
]
[
m_bMountRight
0
]
[
m_bMountLeft
0
]
[
m_bMountAft
0
]
}
ED42FB71490CD97A
494D7EC3FFFFFFFF
{
[
m_NodeKey
3A4D7EC3FFFFFFFF
]
[
m_Class
DD42E39B55079E56
]
[
m_Name
Automaton
]
[
m_pTemplate
DD42E39B55079E56
4A4D7EC3FFFFFFFF
{
[
m_Name

]
[
m_nNodeFlags
0
]
[
m_Children
0
]
[
m_Position
000000000000000000000000
]
[
m_Frame
0000803F0000000000000000000000000000803F0000000000000000000000000000803F
]
[
m_vOrientation
0
0
0
]
[
m_Flags
0
]
[
m_Tick
0
]
[
m_NounContext
0000000000000000
]
[
m_Traits
2
DD2D5A9AF73452D9
0
4F7B2D2FC7265684
{
}
]
[
m_nTeamId
0
]
[
m_nUserId
0
]
[
m_DetectionFlags
4294967295
]
[
m_nHex
65535
]
[
m_Damage
0
]
[
m_Experience
 ]
[
m_Order
1
]
}
]
[
m_Children
0
]
[
m_Position
000000000000000000000000
]
[
m_Frame
0000803F0000000000000000000000000000803F0000000000000000000000000000803F
]
[
m_fFrameScale
1.000000
]
[
m_NounContext
units\\MI Automaton.prt
]
[
m_nFleetId
-1
]
[
m_Orbiting

]
[
m_OrbitVelocity
0.000000
]
}
ED42FB71490CD97A
4B4D7EC3FFFFFFFF
{
[
m_NodeKey
3B4D7EC3FFFFFFFF
]
[
m_Class
DD42E39B55079E56
]
[
m_Name
Automaton
]
[
m_pTemplate
DD42E39B55079E56
4C4D7EC3FFFFFFFF
{
[
m_Name

]
[
m_nNodeFlags
0
]
[
m_Children
0
]
[
m_Position
000000000000000000000000
]
[
m_Frame
0000803F0000000000000000000000000000803F0000000000000000000000000000803F
]
[
m_vOrientation
0
0
0
]
[
m_Flags
0
]
[
m_Tick
0
]
[
m_NounContext
0000000000000000
]
[
m_Traits
2
DD2D5A9AF73452D9
0
4F7B2D2FC7265684
{
}
]
[
m_nTeamId
0
]
[
m_nUserId
0
]
[
m_DetectionFlags
4294967295
]
[
m_nHex
65535
]
[
m_Damage
0
]
[
m_Experience
 ]
[
m_Order
1
]
}
]
[
m_Children
0
]
[
m_Position
000000000000000000000000
]
[
m_Frame
0000803F0000000000000000000000000000803F0000000000000000000000000000803F
]
[
m_fFrameScale
1.000000
]
[
m_NounContext
units\\MI Automaton.prt
]
[
m_nFleetId
-1
]
[
m_Orbiting

]
[
m_OrbitVelocity
0.000000
]
}
ED42FB71490CD97A
4D4D7EC3FFFFFFFF
{
[
m_NodeKey
3C4D7EC3FFFFFFFF
]
[
m_Class
DD42E39B55079E56
]
[
m_Name
Automaton
]
[
m_pTemplate
DD42E39B55079E56
4E4D7EC3FFFFFFFF
{
[
m_Name

]
[
m_nNodeFlags
0
]
[
m_Children
0
]
[
m_Position
000000000000000000000000
]
[
m_Frame
0000803F0000000000000000000000000000803F0000000000000000000000000000803F
]
[
m_vOrientation
0
0
0
]
[
m_Flags
0
]
[
m_Tick
0
]
[
m_NounContext
0000000000000000
]
[
m_Traits
2
DD2D5A9AF73452D9
0
4F7B2D2FC7265684
{
}
]
[
m_nTeamId
0
]
[
m_nUserId
0
]
[
m_DetectionFlags
4294967295
]
[
m_nHex
65535
]
[
m_Damage
0
]
[
m_Experience
 ]
[
m_Order
1
]
}
]
[
m_Children
0
]
[
m_Position
000000000000000000000000
]
[
m_Frame
0000803F0000000000000000000000000000803F0000000000000000000000000000803F
]
[
m_fFrameScale
1.000000
]
[
m_NounContext
units\\MI Automaton.prt
]
[
m_nFleetId
-1
]
[
m_Orbiting

]
[
m_OrbitVelocity
0.000000
]
}
ED42FB71490CD97A
4F4D7EC3FFFFFFFF
{
[
m_NodeKey
3D4D7EC3FFFFFFFF
]
[
m_Class
DD42E39B55079E56
]
[
m_Name
Automaton
]
[
m_pTemplate
DD42E39B55079E56
504D7EC3FFFFFFFF
{
[
m_Name

]
[
m_nNodeFlags
0
]
[
m_Children
0
]
[
m_Position
000000000000000000000000
]
[
m_Frame
0000803F0000000000000000000000000000803F0000000000000000000000000000803F
]
[
m_vOrientation
0
0
0
]
[
m_Flags
0
]
[
m_Tick
0
]
[
m_NounContext
0000000000000000
]
[
m_Traits
2
DD2D5A9AF73452D9
0
4F7B2D2FC7265684
{
}
]
[
m_nTeamId
0
]
[
m_nUserId
0
]
[
m_DetectionFlags
4294967295
]
[
m_nHex
65535
]
[
m_Damage
0
]
[
m_Experience
 ]
[
m_Order
1
]
}
]
[
m_Children
0
]
[
m_Position
000000000000000000000000
]
[
m_Frame
0000803F0000000000000000000000000000803F0000000000000000000000000000803F
]
[
m_fFrameScale
1.000000
]
[
m_NounContext
units\\MI Automaton.prt
]
[
m_nFleetId
-1
]
[
m_Orbiting

]
[
m_OrbitVelocity
0.000000
]
}
ED42FB71490CD97A
514D7EC3FFFFFFFF
{
[
m_NodeKey
3E4D7EC3FFFFFFFF
]
[
m_Class
DD42E39B55079E56
]
[
m_Name
Automaton
]
[
m_pTemplate
DD42E39B55079E56
524D7EC3FFFFFFFF
{
[
m_Name

]
[
m_nNodeFlags
0
]
[
m_Children
0
]
[
m_Position
000000000000000000000000
]
[
m_Frame
0000803F0000000000000000000000000000803F0000000000000000000000000000803F
]
[
m_vOrientation
0
0
0
]
[
m_Flags
0
]
[
m_Tick
0
]
[
m_NounContext
0000000000000000
]
[
m_Traits
2
DD2D5A9AF73452D9
0
4F7B2D2FC7265684
{
}
]
[
m_nTeamId
0
]
[
m_nUserId
0
]
[
m_DetectionFlags
4294967295
]
[
m_nHex
65535
]
[
m_Damage
0
]
[
m_Experience
 ]
[
m_Order
1
]
}
]
[
m_Children
0
]
[
m_Position
000000000000000000000000
]
[
m_Frame
0000803F0000000000000000000000000000803F0000000000000000000000000000803F
]
[
m_fFrameScale
1.000000
]
[
m_NounContext
units\\MI Automaton.prt
]
[
m_nFleetId
-1
]
[
m_Orbiting

]
[
m_OrbitVelocity
0.000000
]
}
ED42FB71490CD97A
534D7EC3FFFFFFFF
{
[
m_NodeKey
3F4D7EC3FFFFFFFF
]
[
m_Class
DD42E39B55079E56
]
[
m_Name
Automaton
]
[
m_pTemplate
DD42E39B55079E56
544D7EC3FFFFFFFF
{
[
m_Name

]
[
m_nNodeFlags
0
]
[
m_Children
0
]
[
m_Position
000000000000000000000000
]
[
m_Frame
0000803F0000000000000000000000000000803F0000000000000000000000000000803F
]
[
m_vOrientation
0
0
0
]
[
m_Flags
0
]
[
m_Tick
0
]
[
m_NounContext
0000000000000000
]
[
m_Traits
2
DD2D5A9AF73452D9
0
4F7B2D2FC7265684
{
}
]
[
m_nTeamId
0
]
[
m_nUserId
0
]
[
m_DetectionFlags
4294967295
]
[
m_nHex
65535
]
[
m_Damage
0
]
[
m_Experience
 ]
[
m_Order
1
]
}
]
[
m_Children
0
]
[
m_Position
000000000000000000000000
]
[
m_Frame
0000803F0000000000000000000000000000803F0000000000000000000000000000803F
]
[
m_fFrameScale
1.000000
]
[
m_NounContext
units\\MI Automaton.prt
]
[
m_nFleetId
-1
]
[
m_Orbiting

]
[
m_OrbitVelocity
0.000000
]
}
ED42FB71490CD97A
554D7EC3FFFFFFFF
{
[
m_NodeKey
404D7EC3FFFFFFFF
]
[
m_Class
DD42E39B55079E56
]
[
m_Name
Automaton
]
[
m_pTemplate
DD42E39B55079E56
564D7EC3FFFFFFFF
{
[
m_Name

]
[
m_nNodeFlags
0
]
[
m_Children
0
]
[
m_Position
000000000000000000000000
]
[
m_Frame
0000803F0000000000000000000000000000803F0000000000000000000000000000803F
]
[
m_vOrientation
0
0
0
]
[
m_Flags
0
]
[
m_Tick
0
]
[
m_NounContext
0000000000000000
]
[
m_Traits
2
DD2D5A9AF73452D9
0
4F7B2D2FC7265684
{
}
]
[
m_nTeamId
0
]
[
m_nUserId
0
]
[
m_DetectionFlags
4294967295
]
[
m_nHex
65535
]
[
m_Damage
0
]
[
m_Experience
 ]
[
m_Order
1
]
}
]
[
m_Children
0
]
[
m_Position
000000000000000000000000
]
[
m_Frame
0000803F0000000000000000000000000000803F0000000000000000000000000000803F
]
[
m_fFrameScale
1.000000
]
[
m_NounContext
units\\MI Automaton.prt
]
[
m_nFleetId
-1
]
[
m_Orbiting

]
[
m_OrbitVelocity
0.000000
]
}
ED42FB71490CD97A
574D7EC3FFFFFFFF
{
[
m_NodeKey
414D7EC3FFFFFFFF
]
[
m_Class
DD42E39B55079E56
]
[
m_Name
Automaton
]
[
m_pTemplate
DD42E39B55079E56
584D7EC3FFFFFFFF
{
[
m_Name

]
[
m_nNodeFlags
0
]
[
m_Children
0
]
[
m_Position
000000000000000000000000
]
[
m_Frame
0000803F0000000000000000000000000000803F0000000000000000000000000000803F
]
[
m_vOrientation
0
0
0
]
[
m_Flags
0
]
[
m_Tick
0
]
[
m_NounContext
0000000000000000
]
[
m_Traits
2
DD2D5A9AF73452D9
0
4F7B2D2FC7265684
{
}
]
[
m_nTeamId
0
]
[
m_nUserId
0
]
[
m_DetectionFlags
4294967295
]
[
m_nHex
65535
]
[
m_Damage
0
]
[
m_Experience
 ]
[
m_Order
1
]
}
]
[
m_Children
0
]
[
m_Position
000000000000000000000000
]
[
m_Frame
0000803F0000000000000000000000000000803F0000000000000000000000000000803F
]
[
m_fFrameScale
1.000000
]
[
m_NounContext
units\\MI Automaton.prt
]
[
m_nFleetId
-1
]
[
m_Orbiting

]
[
m_OrbitVelocity
0.000000
]
}
ED42FB71490CD97A
594D7EC3FFFFFFFF
{
[
m_NodeKey
424D7EC3FFFFFFFF
]
[
m_Class
DD42E39B55079E56
]
[
m_Name
Automaton
]
[
m_pTemplate
DD42E39B55079E56
5A4D7EC3FFFFFFFF
{
[
m_Name

]
[
m_nNodeFlags
0
]
[
m_Children
0
]
[
m_Position
000000000000000000000000
]
[
m_Frame
0000803F0000000000000000000000000000803F0000000000000000000000000000803F
]
[
m_vOrientation
0
0
0
]
[
m_Flags
0
]
[
m_Tick
0
]
[
m_NounContext
0000000000000000
]
[
m_Traits
2
DD2D5A9AF73452D9
0
4F7B2D2FC7265684
{
}
]
[
m_nTeamId
0
]
[
m_nUserId
0
]
[
m_DetectionFlags
4294967295
]
[
m_nHex
65535
]
[
m_Damage
0
]
[
m_Experience
 ]
[
m_Order
1
]
}
]
[
m_Children
0
]
[
m_Position
000000000000000000000000
]
[
m_Frame
0000803F0000000000000000000000000000803F0000000000000000000000000000803F
]
[
m_fFrameScale
1.000000
]
[
m_NounContext
units\\MI Automaton.prt
]
[
m_nFleetId
-1
]
[
m_Orbiting

]
[
m_OrbitVelocity
0.000000
]
}
ED42FB71490CD97A
5B4D7EC3FFFFFFFF
{
[
m_NodeKey
434D7EC3FFFFFFFF
]
[
m_Class
DD42E39B55079E56
]
[
m_Name
Automaton
]
[
m_pTemplate
DD42E39B55079E56
5C4D7EC3FFFFFFFF
{
[
m_Name

]
[
m_nNodeFlags
0
]
[
m_Children
0
]
[
m_Position
000000000000000000000000
]
[
m_Frame
0000803F0000000000000000000000000000803F0000000000000000000000000000803F
]
[
m_vOrientation
0
0
0
]
[
m_Flags
0
]
[
m_Tick
0
]
[
m_NounContext
0000000000000000
]
[
m_Traits
2
DD2D5A9AF73452D9
0
4F7B2D2FC7265684
{
}
]
[
m_nTeamId
0
]
[
m_nUserId
0
]
[
m_DetectionFlags
4294967295
]
[
m_nHex
65535
]
[
m_Damage
0
]
[
m_Experience
 ]
[
m_Order
1
]
}
]
[
m_Children
0
]
[
m_Position
000000000000000000000000
]
[
m_Frame
0000803F0000000000000000000000000000803F0000000000000000000000000000803F
]
[
m_fFrameScale
1.000000
]
[
m_NounContext
units\\MI Automaton.prt
]
[
m_nFleetId
-1
]
[
m_Orbiting

]
[
m_OrbitVelocity
0.000000
]
}
B2B7329B7F92DA85
4135D6F0FFFFFFFF
{
[
m_NodeKey
3D35D6F0FFFFFFFF
]
[
m_Class
FBE13E0B39383F4E
]
[
m_Name
Mining Beam
]
[
m_pTemplate
FBE13E0B39383F4E
4235D6F0FFFFFFFF
{
[
m_Name

]
[
m_nNodeFlags
0
]
[
m_Children
0
]
[
m_Position
000000000000000000000000
]
[
m_Frame
0000803F0000000000000000000000000000803F0000000000000000000000000000803F
]
[
m_vOrientation
0
0
0
]
[
m_Flags
65536
]
[
m_Tick
0
]
[
m_NounContext
0000000000000000
]
[
m_Traits
1
4F7B2D2FC7265684
{
}
]
[
m_nTeamId
0
]
[
m_nUserId
0
]
[
m_DetectionFlags
4294967295
]
[
m_nDamage
0
]
[
m_nGroup
0
]
[
m_Target
0000000000000000
]
}
]
[
m_Children
0
]
[
m_Position
000000000000904100000000
]
[
m_Frame
0000803F0000000000000000000000000000803F0000000000000000000000000000803F
]
[
m_fFrameScale
1.000000
]
[
m_NounContext
gadgets\\mining beam.prt
]
[
m_nDamage
0
]
[
m_bMountFore
1
]
[
m_bMountRight
1
]
[
m_bMountLeft
1
]
[
m_bMountAft
1
]
}
B2B7329B7F92DA85
4335D6F0FFFFFFFF
{
[
m_NodeKey
3E35D6F0FFFFFFFF
]
[
m_Class
FBE13E0B39383F4E
]
[
m_Name
Mining Beam
]
[
m_pTemplate
FBE13E0B39383F4E
4435D6F0FFFFFFFF
{
[
m_Name

]
[
m_nNodeFlags
0
]
[
m_Children
0
]
[
m_Position
000000000000000000000000
]
[
m_Frame
0000803F0000000000000000000000000000803F0000000000000000000000000000803F
]
[
m_vOrientation
0
0
0
]
[
m_Flags
65536
]
[
m_Tick
0
]
[
m_NounContext
0000000000000000
]
[
m_Traits
1
4F7B2D2FC7265684
{
}
]
[
m_nTeamId
0
]
[
m_nUserId
0
]
[
m_DetectionFlags
4294967295
]
[
m_nDamage
0
]
[
m_nGroup
0
]
[
m_Target
0000000000000000
]
}
]
[
m_Children
0
]
[
m_Position
00000000000090C100000000
]
[
m_Frame
0000803F0000000000000000000000000000803F0000000000000000000000000000803F
]
[
m_fFrameScale
1.000000
]
[
m_NounContext
gadgets\\mining beam.prt
]
[
m_nDamage
0
]
[
m_bMountFore
1
]
[
m_bMountRight
1
]
[
m_bMountLeft
1
]
[
m_bMountAft
1
]
}
B2B7329B7F92DA85
4535D6F0FFFFFFFF
{
[
m_NodeKey
3F35D6F0FFFFFFFF
]
[
m_Class
BD7DF9A3BCD3D42E
]
[
m_Name
Build Drone
]
[
m_pTemplate
BD7DF9A3BCD3D42E
4635D6F0FFFFFFFF
{
[
m_Name

]
[
m_nNodeFlags
0
]
[
m_Children
0
]
[
m_Position
000000000000000000000000
]
[
m_Frame
0000803F0000000000000000000000000000803F0000000000000000000000000000803F
]
[
m_vOrientation
0
0
0
]
[
m_Flags
65536
]
[
m_Tick
0
]
[
m_NounContext
0000000000000000
]
[
m_Traits
1
4F7B2D2FC7265684
{
}
]
[
m_nTeamId
0
]
[
m_nUserId
0
]
[
m_DetectionFlags
4294967295
]
[
m_nDamage
0
]
[
m_nGroup
0
]
[
m_Building
0000000000000000
]
}
]
[
m_Children
0
]
[
m_Position
000000000000000000000000
]
[
m_Frame
0000803F0000000000000000000000000000803F0000000000000000000000000000803F
]
[
m_fFrameScale
1.000000
]
[
m_NounContext
gadgets\\build - mi.prt
]
[
m_nDamage
0
]
[
m_bMountFore
1
]
[
m_bMountRight
1
]
[
m_bMountLeft
1
]
[
m_bMountAft
1
]
}
B2B7329B7F92DA85
4735D6F0FFFFFFFF
{
[
m_NodeKey
4035D6F0FFFFFFFF
]
[
m_Class
BD7DF9A3BCD3D42E
]
[
m_Name
Build Drone
]
[
m_pTemplate
BD7DF9A3BCD3D42E
4835D6F0FFFFFFFF
{
[
m_Name

]
[
m_nNodeFlags
0
]
[
m_Children
0
]
[
m_Position
000000000000000000000000
]
[
m_Frame
0000803F0000000000000000000000000000803F0000000000000000000000000000803F
]
[
m_vOrientation
0
0
0
]
[
m_Flags
65536
]
[
m_Tick
0
]
[
m_NounContext
0000000000000000
]
[
m_Traits
1
4F7B2D2FC7265684
{
}
]
[
m_nTeamId
0
]
[
m_nUserId
0
]
[
m_DetectionFlags
4294967295
]
[
m_nDamage
0
]
[
m_nGroup
0
]
[
m_Building
0000000000000000
]
}
]
[
m_Children
0
]
[
m_Position
000000000000000000000000
]
[
m_Frame
0000803F0000000000000000000000000000803F0000000000000000000000000000803F
]
[
m_fFrameScale
1.000000
]
[
m_NounContext
gadgets\\build - mi.prt
]
[
m_nDamage
0
]
[
m_bMountFore
1
]
[
m_bMountRight
1
]
[
m_bMountLeft
1
]
[
m_bMountAft
1
]
}
]
[
m_Position
000000000000000000000000
]
[
m_Frame
0000803F0000000000000000000000000000803F0000000000000000000000000000803F
]
[
m_fFrameScale
1.000000
]
[
m_NounContext
ships\\mi\\station\\node\\nc_node.prt
]
[
m_nFleetId
-1
]
[
m_Orbiting

]
[
m_OrbitVelocity
0.000000
]
}
]
[
m_Position
000000000000000000000000
]
[
m_Frame
0000803F0000000000000000000000000000803F0000000000000000000000000000803F
]
[
m_fFrameScale
1.000000
]
}
]
[
m_Fps
15.000000
]
[
m_Segments
0
]
[
m_TargetPosition
0FFD903F468438C08FD154C0
]
[
m_TargetDistance
153.228989
]
[
m_TargetFrame
F504353F00000000F50435BFEC05D13EEC05513FEC05D13E3BCD133F3BCD13BF3BCD133F
]
}
